25-05-2021 12:20:12.932 [Gauge] [DEBUG] Created gauge_screenshots_dir at C:\Users\testinium\IdeaProjects\myProject\.gauge\screenshots
25-05-2021 12:20:12.955 [Gauge] [DEBUG] Plugin java is already installed.
25-05-2021 12:20:12.974 [Gauge] [DEBUG] Plugin html-report is already installed.
25-05-2021 12:20:12.975 [Gauge] [DEBUG] Parsing started.
25-05-2021 12:20:12.975 [Gauge] [DEBUG] Started concepts parsing.
25-05-2021 12:20:12.979 [Gauge] [DEBUG] 0 concepts parsing completed.
25-05-2021 12:20:12.979 [Gauge] [DEBUG] Started specifications parsing.
25-05-2021 12:20:12.980 [Gauge] [DEBUG] 1 specifications parsing completed.
25-05-2021 12:20:12.981 [Gauge] [DEBUG] Parsing completed.
25-05-2021 12:20:12.985 [Gauge] [DEBUG] Staring java runner
25-05-2021 12:20:13.052 [java] [DEBUG] classpath set to C:\Program Files\Java\jdk1.8.0_291\jre\lib\charsets.jar;C:\Program Files\Java\jdk1.8.0_291\jre\lib\deploy.jar;C:\Program Files\Java\jdk1.8.0_291\jre\lib\ext\access-bridge-64.jar;C:\Program Files\Java\jdk1.8.0_291\jre\lib\ext\cldrdata.jar;C:\Program Files\Java\jdk1.8.0_291\jre\lib\ext\dnsns.jar;C:\Program Files\Java\jdk1.8.0_291\jre\lib\ext\jaccess.jar;C:\Program Files\Java\jdk1.8.0_291\jre\lib\ext\jfxrt.jar;C:\Program Files\Java\jdk1.8.0_291\jre\lib\ext\localedata.jar;C:\Program Files\Java\jdk1.8.0_291\jre\lib\ext\nashorn.jar;C:\Program Files\Java\jdk1.8.0_291\jre\lib\ext\sunec.jar;C:\Program Files\Java\jdk1.8.0_291\jre\lib\ext\sunjce_provider.jar;C:\Program Files\Java\jdk1.8.0_291\jre\lib\ext\sunmscapi.jar;C:\Program Files\Java\jdk1.8.0_291\jre\lib\ext\sunpkcs11.jar;C:\Program Files\Java\jdk1.8.0_291\jre\lib\ext\zipfs.jar;C:\Program Files\Java\jdk1.8.0_291\jre\lib\javaws.jar;C:\Program Files\Java\jdk1.8.0_291\jre\lib\jce.jar;C:\Program Files\Java\jdk1.8.0_291\jre\lib\jfr.jar;C:\Program Files\Java\jdk1.8.0_291\jre\lib\jfxswt.jar;C:\Program Files\Java\jdk1.8.0_291\jre\lib\jsse.jar;C:\Program Files\Java\jdk1.8.0_291\jre\lib\management-agent.jar;C:\Program Files\Java\jdk1.8.0_291\jre\lib\plugin.jar;C:\Program Files\Java\jdk1.8.0_291\jre\lib\resources.jar;C:\Program Files\Java\jdk1.8.0_291\jre\lib\rt.jar;C:\Users\testinium\IdeaProjects\myProject\target\test-classes;C:\Users\testinium\.m2\repository\com\thoughtworks\gauge\gauge-java\0.6.0\gauge-java-0.6.0.jar;C:\Users\testinium\.m2\repository\org\reflections\reflections\0.9.10\reflections-0.9.10.jar;C:\Users\testinium\.m2\repository\org\javassist\javassist\3.19.0-GA\javassist-3.19.0-GA.jar;C:\Users\testinium\.m2\repository\com\google\code\findbugs\annotations\2.0.1\annotations-2.0.1.jar;C:\Users\testinium\.m2\repository\com\github\javaparser\javaparser-core\2.3.0\javaparser-core-2.3.0.jar;C:\Users\testinium\.m2\repository\org\hamcrest\hamcrest-core\1.3\hamcrest-core-1.3.jar;C:\Users\testinium\.m2\repository\org\hamcrest\hamcrest-library\1.3\hamcrest-library-1.3.jar;C:\Users\testinium\.m2\repository\commons-io\commons-io\2.4\commons-io-2.4.jar;C:\Users\testinium\.m2\repository\commons-lang\commons-lang\2.6\commons-lang-2.6.jar;C:\Users\testinium\.m2\repository\com\google\protobuf\protobuf-java\3.1.0\protobuf-java-3.1.0.jar;C:\Users\testinium\.m2\repository\junit\junit\4.13.2\junit-4.13.2.jar;C:\Users\testinium\.m2\repository\org\seleniumhq\selenium\selenium-java\3.141.59\selenium-java-3.141.59.jar;C:\Users\testinium\.m2\repository\org\seleniumhq\selenium\selenium-api\3.141.59\selenium-api-3.141.59.jar;C:\Users\testinium\.m2\repository\org\seleniumhq\selenium\selenium-chrome-driver\3.141.59\selenium-chrome-driver-3.141.59.jar;C:\Users\testinium\.m2\repository\org\seleniumhq\selenium\selenium-edge-driver\3.141.59\selenium-edge-driver-3.141.59.jar;C:\Users\testinium\.m2\repository\org\seleniumhq\selenium\selenium-firefox-driver\3.141.59\selenium-firefox-driver-3.141.59.jar;C:\Users\testinium\.m2\repository\org\seleniumhq\selenium\selenium-ie-driver\3.141.59\selenium-ie-driver-3.141.59.jar;C:\Users\testinium\.m2\repository\org\seleniumhq\selenium\selenium-opera-driver\3.141.59\selenium-opera-driver-3.141.59.jar;C:\Users\testinium\.m2\repository\org\seleniumhq\selenium\selenium-remote-driver\3.141.59\selenium-remote-driver-3.141.59.jar;C:\Users\testinium\.m2\repository\org\seleniumhq\selenium\selenium-safari-driver\3.141.59\selenium-safari-driver-3.141.59.jar;C:\Users\testinium\.m2\repository\org\seleniumhq\selenium\selenium-support\3.141.59\selenium-support-3.141.59.jar;C:\Users\testinium\.m2\repository\net\bytebuddy\byte-buddy\1.8.15\byte-buddy-1.8.15.jar;C:\Users\testinium\.m2\repository\org\apache\commons\commons-exec\1.3\commons-exec-1.3.jar;C:\Users\testinium\.m2\repository\com\google\guava\guava\25.0-jre\guava-25.0-jre.jar;C:\Users\testinium\.m2\repository\com\google\code\findbugs\jsr305\1.3.9\jsr305-1.3.9.jar;C:\Users\testinium\.m2\repository\org\checkerframework\checker-compat-qual\2.0.0\checker-compat-qual-2.0.0.jar;C:\Users\testinium\.m2\repository\com\google\errorprone\error_prone_annotations\2.1.3\error_prone_annotations-2.1.3.jar;C:\Users\testinium\.m2\repository\com\google\j2objc\j2objc-annotations\1.1\j2objc-annotations-1.1.jar;C:\Users\testinium\.m2\repository\org\codehaus\mojo\animal-sniffer-annotations\1.14\animal-sniffer-annotations-1.14.jar;C:\Users\testinium\.m2\repository\com\squareup\okhttp3\okhttp\3.11.0\okhttp-3.11.0.jar;C:\Users\testinium\.m2\repository\com\squareup\okio\okio\1.14.0\okio-1.14.0.jar
25-05-2021 12:20:13.423 [Gauge] [DEBUG] Checking updates...
25-05-2021 12:20:13.425 [Gauge] [DEBUG] Downloading https://downloads.gauge.org/plugin/flash?l=java&p=flash,html-report,java,screenshot,spectacle,xml-report&o=windows&a=amd64
25-05-2021 12:20:13.463 [Gauge] [DEBUG] Established connection to runner.
25-05-2021 12:20:13.463 [Gauge] [DEBUG] Validation started.
25-05-2021 12:20:14.520 [Gauge] [DEBUG] Downloading https://downloads.gauge.org/plugin/html-report?l=java&p=flash,html-report,java,screenshot,spectacle,xml-report&o=windows&a=amd64
25-05-2021 12:20:14.775 [Gauge] [DEBUG] Downloading https://downloads.gauge.org/plugin/java?l=java&p=flash,html-report,java,screenshot,spectacle,xml-report&o=windows&a=amd64
25-05-2021 12:20:14.937 [Gauge] [DEBUG] Downloading https://downloads.gauge.org/plugin/screenshot?l=java&p=flash,html-report,java,screenshot,spectacle,xml-report&o=windows&a=amd64
25-05-2021 12:20:15.118 [Gauge] [DEBUG] Downloading https://downloads.gauge.org/plugin/spectacle?l=java&p=flash,html-report,java,screenshot,spectacle,xml-report&o=windows&a=amd64
25-05-2021 12:20:15.299 [Gauge] [DEBUG] Downloading https://downloads.gauge.org/plugin/xml-report?l=java&p=flash,html-report,java,screenshot,spectacle,xml-report&o=windows&a=amd64
25-05-2021 12:20:17.452 [Gauge] [DEBUG] Api Request Received: messageType:GetStepValueRequest messageId:4 stepValueRequest:<stepText:"dene" > 
25-05-2021 12:20:17.453 [Gauge] [DEBUG] Sending API response: messageType:GetStepValueResponse messageId:4 stepValueResponse:<stepValue:<stepValue:"dene" parameterizedStepValue:"dene" > > 
25-05-2021 12:20:17.503 [Gauge] [DEBUG] Validation completed.
25-05-2021 12:20:17.505 [Gauge] [DEBUG] Run started
25-05-2021 12:20:17.506 [Gauge] [DEBUG] Starting Html Report plugin
25-05-2021 12:20:19.330 [Gauge] [DEBUG] Attempting to connect to grpc server at port: 52780
25-05-2021 12:20:19.340 [Gauge] [DEBUG] Successfully made the connection with plugin with port: 52780
25-05-2021 12:20:19.341 [Gauge] [DEBUG] Initialising suite data store.
25-05-2021 12:20:20.021 [html-report] [DEBUG] Transformed SuiteResult to report structure
25-05-2021 12:20:21.232 [html-report] [INFO] Successfully generated html-report to => C:\Users\testinium\IdeaProjects\myProject\reports\html-report\index.html
25-05-2021 12:20:21.232 [html-report] [DEBUG] Done generating HTML report using theme from C:\Users\testinium\AppData\Roaming\gauge\plugins\html-report\4.0.9\themes\default
25-05-2021 12:20:21.232 [Gauge] [DEBUG] Sending kill message to Html Report plugin.
25-05-2021 12:20:21.235 [Gauge] [DEBUG] Sending kill message to runner.
25-05-2021 12:20:21.421 [Gauge] [INFO] Closing connection [127.0.0.1:52777] cause: read tcp 127.0.0.1:52770->127.0.0.1:52777: wsarecv: Varolan bir bağlantı uzaktaki bir ana bilgisayar tarafından zorla kapatıldı.
25-05-2021 12:20:21.545 [Gauge] [DEBUG] Runner with PID:4400 has exited
25-05-2021 12:20:21.545 [Gauge] [INFO] Specifications:	1 executed	0 passed	1 failed	0 skipped
25-05-2021 12:20:21.545 [Gauge] [INFO] Scenarios:	1 executed	0 passed	1 failed	0 skipped
25-05-2021 12:20:21.546 [Gauge] [INFO] 
Total time taken: 2.513s
25-05-2021 12:20:21.547 [Gauge] [INFO] Updates are available. Run `gauge update -c` for more info.
25-05-2021 12:21:05.737 [Gauge] [DEBUG] Created gauge_screenshots_dir at C:\Users\testinium\IdeaProjects\myProject\.gauge\screenshots
25-05-2021 12:21:05.738 [Gauge] [DEBUG] Plugin java is already installed.
25-05-2021 12:21:05.739 [Gauge] [DEBUG] Plugin html-report is already installed.
25-05-2021 12:21:05.740 [Gauge] [DEBUG] Parsing started.
25-05-2021 12:21:05.740 [Gauge] [DEBUG] Started concepts parsing.
25-05-2021 12:21:05.744 [Gauge] [DEBUG] 0 concepts parsing completed.
25-05-2021 12:21:05.745 [Gauge] [DEBUG] Started specifications parsing.
25-05-2021 12:21:05.745 [Gauge] [DEBUG] 1 specifications parsing completed.
25-05-2021 12:21:05.745 [Gauge] [DEBUG] Parsing completed.
25-05-2021 12:21:05.747 [Gauge] [DEBUG] Staring java runner
25-05-2021 12:21:05.771 [java] [DEBUG] classpath set to C:\Program Files\Java\jdk1.8.0_291\jre\lib\charsets.jar;C:\Program Files\Java\jdk1.8.0_291\jre\lib\deploy.jar;C:\Program Files\Java\jdk1.8.0_291\jre\lib\ext\access-bridge-64.jar;C:\Program Files\Java\jdk1.8.0_291\jre\lib\ext\cldrdata.jar;C:\Program Files\Java\jdk1.8.0_291\jre\lib\ext\dnsns.jar;C:\Program Files\Java\jdk1.8.0_291\jre\lib\ext\jaccess.jar;C:\Program Files\Java\jdk1.8.0_291\jre\lib\ext\jfxrt.jar;C:\Program Files\Java\jdk1.8.0_291\jre\lib\ext\localedata.jar;C:\Program Files\Java\jdk1.8.0_291\jre\lib\ext\nashorn.jar;C:\Program Files\Java\jdk1.8.0_291\jre\lib\ext\sunec.jar;C:\Program Files\Java\jdk1.8.0_291\jre\lib\ext\sunjce_provider.jar;C:\Program Files\Java\jdk1.8.0_291\jre\lib\ext\sunmscapi.jar;C:\Program Files\Java\jdk1.8.0_291\jre\lib\ext\sunpkcs11.jar;C:\Program Files\Java\jdk1.8.0_291\jre\lib\ext\zipfs.jar;C:\Program Files\Java\jdk1.8.0_291\jre\lib\javaws.jar;C:\Program Files\Java\jdk1.8.0_291\jre\lib\jce.jar;C:\Program Files\Java\jdk1.8.0_291\jre\lib\jfr.jar;C:\Program Files\Java\jdk1.8.0_291\jre\lib\jfxswt.jar;C:\Program Files\Java\jdk1.8.0_291\jre\lib\jsse.jar;C:\Program Files\Java\jdk1.8.0_291\jre\lib\management-agent.jar;C:\Program Files\Java\jdk1.8.0_291\jre\lib\plugin.jar;C:\Program Files\Java\jdk1.8.0_291\jre\lib\resources.jar;C:\Program Files\Java\jdk1.8.0_291\jre\lib\rt.jar;C:\Users\testinium\IdeaProjects\myProject\target\test-classes;C:\Users\testinium\.m2\repository\com\thoughtworks\gauge\gauge-java\0.6.0\gauge-java-0.6.0.jar;C:\Users\testinium\.m2\repository\org\reflections\reflections\0.9.10\reflections-0.9.10.jar;C:\Users\testinium\.m2\repository\org\javassist\javassist\3.19.0-GA\javassist-3.19.0-GA.jar;C:\Users\testinium\.m2\repository\com\google\code\findbugs\annotations\2.0.1\annotations-2.0.1.jar;C:\Users\testinium\.m2\repository\com\github\javaparser\javaparser-core\2.3.0\javaparser-core-2.3.0.jar;C:\Users\testinium\.m2\repository\org\hamcrest\hamcrest-core\1.3\hamcrest-core-1.3.jar;C:\Users\testinium\.m2\repository\org\hamcrest\hamcrest-library\1.3\hamcrest-library-1.3.jar;C:\Users\testinium\.m2\repository\commons-io\commons-io\2.4\commons-io-2.4.jar;C:\Users\testinium\.m2\repository\commons-lang\commons-lang\2.6\commons-lang-2.6.jar;C:\Users\testinium\.m2\repository\com\google\protobuf\protobuf-java\3.1.0\protobuf-java-3.1.0.jar;C:\Users\testinium\.m2\repository\junit\junit\4.13.2\junit-4.13.2.jar;C:\Users\testinium\.m2\repository\org\seleniumhq\selenium\selenium-java\3.141.59\selenium-java-3.141.59.jar;C:\Users\testinium\.m2\repository\org\seleniumhq\selenium\selenium-api\3.141.59\selenium-api-3.141.59.jar;C:\Users\testinium\.m2\repository\org\seleniumhq\selenium\selenium-chrome-driver\3.141.59\selenium-chrome-driver-3.141.59.jar;C:\Users\testinium\.m2\repository\org\seleniumhq\selenium\selenium-edge-driver\3.141.59\selenium-edge-driver-3.141.59.jar;C:\Users\testinium\.m2\repository\org\seleniumhq\selenium\selenium-firefox-driver\3.141.59\selenium-firefox-driver-3.141.59.jar;C:\Users\testinium\.m2\repository\org\seleniumhq\selenium\selenium-ie-driver\3.141.59\selenium-ie-driver-3.141.59.jar;C:\Users\testinium\.m2\repository\org\seleniumhq\selenium\selenium-opera-driver\3.141.59\selenium-opera-driver-3.141.59.jar;C:\Users\testinium\.m2\repository\org\seleniumhq\selenium\selenium-remote-driver\3.141.59\selenium-remote-driver-3.141.59.jar;C:\Users\testinium\.m2\repository\org\seleniumhq\selenium\selenium-safari-driver\3.141.59\selenium-safari-driver-3.141.59.jar;C:\Users\testinium\.m2\repository\org\seleniumhq\selenium\selenium-support\3.141.59\selenium-support-3.141.59.jar;C:\Users\testinium\.m2\repository\net\bytebuddy\byte-buddy\1.8.15\byte-buddy-1.8.15.jar;C:\Users\testinium\.m2\repository\org\apache\commons\commons-exec\1.3\commons-exec-1.3.jar;C:\Users\testinium\.m2\repository\com\google\guava\guava\25.0-jre\guava-25.0-jre.jar;C:\Users\testinium\.m2\repository\com\google\code\findbugs\jsr305\1.3.9\jsr305-1.3.9.jar;C:\Users\testinium\.m2\repository\org\checkerframework\checker-compat-qual\2.0.0\checker-compat-qual-2.0.0.jar;C:\Users\testinium\.m2\repository\com\google\errorprone\error_prone_annotations\2.1.3\error_prone_annotations-2.1.3.jar;C:\Users\testinium\.m2\repository\com\google\j2objc\j2objc-annotations\1.1\j2objc-annotations-1.1.jar;C:\Users\testinium\.m2\repository\org\codehaus\mojo\animal-sniffer-annotations\1.14\animal-sniffer-annotations-1.14.jar;C:\Users\testinium\.m2\repository\com\squareup\okhttp3\okhttp\3.11.0\okhttp-3.11.0.jar;C:\Users\testinium\.m2\repository\com\squareup\okio\okio\1.14.0\okio-1.14.0.jar
25-05-2021 12:21:06.027 [Gauge] [DEBUG] Established connection to runner.
25-05-2021 12:21:06.027 [Gauge] [DEBUG] Validation started.
25-05-2021 12:21:06.161 [Gauge] [DEBUG] Checking updates...
25-05-2021 12:21:06.164 [Gauge] [DEBUG] Downloading https://downloads.gauge.org/plugin/flash?l=java&p=flash,html-report,java,screenshot,spectacle,xml-report&o=windows&a=amd64
25-05-2021 12:21:06.608 [Gauge] [DEBUG] Downloading https://downloads.gauge.org/plugin/html-report?l=java&p=flash,html-report,java,screenshot,spectacle,xml-report&o=windows&a=amd64
25-05-2021 12:21:06.784 [Gauge] [DEBUG] Downloading https://downloads.gauge.org/plugin/java?l=java&p=flash,html-report,java,screenshot,spectacle,xml-report&o=windows&a=amd64
25-05-2021 12:21:06.947 [Gauge] [DEBUG] Downloading https://downloads.gauge.org/plugin/screenshot?l=java&p=flash,html-report,java,screenshot,spectacle,xml-report&o=windows&a=amd64
25-05-2021 12:21:07.113 [Gauge] [DEBUG] Downloading https://downloads.gauge.org/plugin/spectacle?l=java&p=flash,html-report,java,screenshot,spectacle,xml-report&o=windows&a=amd64
25-05-2021 12:21:07.295 [Gauge] [DEBUG] Downloading https://downloads.gauge.org/plugin/xml-report?l=java&p=flash,html-report,java,screenshot,spectacle,xml-report&o=windows&a=amd64
25-05-2021 12:21:09.026 [Gauge] [DEBUG] Api Request Received: messageType:GetStepValueRequest messageId:4 stepValueRequest:<stepText:"dene" > 
25-05-2021 12:21:09.029 [Gauge] [DEBUG] Sending API response: messageType:GetStepValueResponse messageId:4 stepValueResponse:<stepValue:<stepValue:"dene" parameterizedStepValue:"dene" > > 
25-05-2021 12:21:09.074 [Gauge] [DEBUG] Validation completed.
25-05-2021 12:21:09.077 [Gauge] [DEBUG] Run started
25-05-2021 12:21:09.078 [Gauge] [DEBUG] Starting Html Report plugin
25-05-2021 12:21:09.096 [Gauge] [DEBUG] Attempting to connect to grpc server at port: 52799
25-05-2021 12:21:09.100 [Gauge] [DEBUG] Successfully made the connection with plugin with port: 52799
25-05-2021 12:21:09.101 [Gauge] [DEBUG] Initialising suite data store.
25-05-2021 12:21:09.668 [html-report] [DEBUG] Transformed SuiteResult to report structure
25-05-2021 12:21:09.688 [html-report] [INFO] Successfully generated html-report to => C:\Users\testinium\IdeaProjects\myProject\reports\html-report\index.html
25-05-2021 12:21:09.688 [html-report] [DEBUG] Done generating HTML report using theme from C:\Users\testinium\AppData\Roaming\gauge\plugins\html-report\4.0.9\themes\default
25-05-2021 12:21:09.688 [Gauge] [DEBUG] Sending kill message to Html Report plugin.
25-05-2021 12:21:09.688 [Gauge] [DEBUG] Sending kill message to runner.
25-05-2021 12:21:09.866 [Gauge] [INFO] Closing connection [127.0.0.1:52793] cause: read tcp 127.0.0.1:52789->127.0.0.1:52793: wsarecv: Varolan bir bağlantı uzaktaki bir ana bilgisayar tarafından zorla kapatıldı.
25-05-2021 12:21:09.998 [Gauge] [DEBUG] Runner with PID:14344 has exited
25-05-2021 12:21:09.998 [Gauge] [INFO] Specifications:	1 executed	0 passed	1 failed	0 skipped
25-05-2021 12:21:09.998 [Gauge] [INFO] Scenarios:	1 executed	0 passed	1 failed	0 skipped
25-05-2021 12:21:09.998 [Gauge] [INFO] 
Total time taken: 591ms
25-05-2021 12:21:09.999 [Gauge] [INFO] Updates are available. Run `gauge update -c` for more info.
25-05-2021 12:22:40.190 [Gauge] [DEBUG] Created gauge_screenshots_dir at C:\Users\testinium\IdeaProjects\myProject\.gauge\screenshots
25-05-2021 12:22:40.192 [Gauge] [DEBUG] Plugin java is already installed.
25-05-2021 12:22:40.193 [Gauge] [DEBUG] Plugin html-report is already installed.
25-05-2021 12:22:40.193 [Gauge] [DEBUG] Parsing started.
25-05-2021 12:22:40.193 [Gauge] [DEBUG] Started concepts parsing.
25-05-2021 12:22:40.198 [Gauge] [DEBUG] 0 concepts parsing completed.
25-05-2021 12:22:40.198 [Gauge] [DEBUG] Started specifications parsing.
25-05-2021 12:22:40.199 [Gauge] [DEBUG] 1 specifications parsing completed.
25-05-2021 12:22:40.199 [Gauge] [DEBUG] Parsing completed.
25-05-2021 12:22:40.200 [Gauge] [DEBUG] Staring java runner
25-05-2021 12:22:40.227 [java] [DEBUG] classpath set to C:\Program Files\Java\jdk1.8.0_291\jre\lib\charsets.jar;C:\Program Files\Java\jdk1.8.0_291\jre\lib\deploy.jar;C:\Program Files\Java\jdk1.8.0_291\jre\lib\ext\access-bridge-64.jar;C:\Program Files\Java\jdk1.8.0_291\jre\lib\ext\cldrdata.jar;C:\Program Files\Java\jdk1.8.0_291\jre\lib\ext\dnsns.jar;C:\Program Files\Java\jdk1.8.0_291\jre\lib\ext\jaccess.jar;C:\Program Files\Java\jdk1.8.0_291\jre\lib\ext\jfxrt.jar;C:\Program Files\Java\jdk1.8.0_291\jre\lib\ext\localedata.jar;C:\Program Files\Java\jdk1.8.0_291\jre\lib\ext\nashorn.jar;C:\Program Files\Java\jdk1.8.0_291\jre\lib\ext\sunec.jar;C:\Program Files\Java\jdk1.8.0_291\jre\lib\ext\sunjce_provider.jar;C:\Program Files\Java\jdk1.8.0_291\jre\lib\ext\sunmscapi.jar;C:\Program Files\Java\jdk1.8.0_291\jre\lib\ext\sunpkcs11.jar;C:\Program Files\Java\jdk1.8.0_291\jre\lib\ext\zipfs.jar;C:\Program Files\Java\jdk1.8.0_291\jre\lib\javaws.jar;C:\Program Files\Java\jdk1.8.0_291\jre\lib\jce.jar;C:\Program Files\Java\jdk1.8.0_291\jre\lib\jfr.jar;C:\Program Files\Java\jdk1.8.0_291\jre\lib\jfxswt.jar;C:\Program Files\Java\jdk1.8.0_291\jre\lib\jsse.jar;C:\Program Files\Java\jdk1.8.0_291\jre\lib\management-agent.jar;C:\Program Files\Java\jdk1.8.0_291\jre\lib\plugin.jar;C:\Program Files\Java\jdk1.8.0_291\jre\lib\resources.jar;C:\Program Files\Java\jdk1.8.0_291\jre\lib\rt.jar;C:\Users\testinium\IdeaProjects\myProject\target\test-classes;C:\Users\testinium\.m2\repository\com\thoughtworks\gauge\gauge-java\0.6.0\gauge-java-0.6.0.jar;C:\Users\testinium\.m2\repository\org\reflections\reflections\0.9.10\reflections-0.9.10.jar;C:\Users\testinium\.m2\repository\org\javassist\javassist\3.19.0-GA\javassist-3.19.0-GA.jar;C:\Users\testinium\.m2\repository\com\google\code\findbugs\annotations\2.0.1\annotations-2.0.1.jar;C:\Users\testinium\.m2\repository\com\github\javaparser\javaparser-core\2.3.0\javaparser-core-2.3.0.jar;C:\Users\testinium\.m2\repository\org\hamcrest\hamcrest-core\1.3\hamcrest-core-1.3.jar;C:\Users\testinium\.m2\repository\org\hamcrest\hamcrest-library\1.3\hamcrest-library-1.3.jar;C:\Users\testinium\.m2\repository\commons-io\commons-io\2.4\commons-io-2.4.jar;C:\Users\testinium\.m2\repository\commons-lang\commons-lang\2.6\commons-lang-2.6.jar;C:\Users\testinium\.m2\repository\com\google\protobuf\protobuf-java\3.1.0\protobuf-java-3.1.0.jar;C:\Users\testinium\.m2\repository\junit\junit\4.13.2\junit-4.13.2.jar;C:\Users\testinium\.m2\repository\org\seleniumhq\selenium\selenium-java\3.141.59\selenium-java-3.141.59.jar;C:\Users\testinium\.m2\repository\org\seleniumhq\selenium\selenium-api\3.141.59\selenium-api-3.141.59.jar;C:\Users\testinium\.m2\repository\org\seleniumhq\selenium\selenium-chrome-driver\3.141.59\selenium-chrome-driver-3.141.59.jar;C:\Users\testinium\.m2\repository\org\seleniumhq\selenium\selenium-edge-driver\3.141.59\selenium-edge-driver-3.141.59.jar;C:\Users\testinium\.m2\repository\org\seleniumhq\selenium\selenium-firefox-driver\3.141.59\selenium-firefox-driver-3.141.59.jar;C:\Users\testinium\.m2\repository\org\seleniumhq\selenium\selenium-ie-driver\3.141.59\selenium-ie-driver-3.141.59.jar;C:\Users\testinium\.m2\repository\org\seleniumhq\selenium\selenium-opera-driver\3.141.59\selenium-opera-driver-3.141.59.jar;C:\Users\testinium\.m2\repository\org\seleniumhq\selenium\selenium-remote-driver\3.141.59\selenium-remote-driver-3.141.59.jar;C:\Users\testinium\.m2\repository\org\seleniumhq\selenium\selenium-safari-driver\3.141.59\selenium-safari-driver-3.141.59.jar;C:\Users\testinium\.m2\repository\org\seleniumhq\selenium\selenium-support\3.141.59\selenium-support-3.141.59.jar;C:\Users\testinium\.m2\repository\net\bytebuddy\byte-buddy\1.8.15\byte-buddy-1.8.15.jar;C:\Users\testinium\.m2\repository\org\apache\commons\commons-exec\1.3\commons-exec-1.3.jar;C:\Users\testinium\.m2\repository\com\google\guava\guava\25.0-jre\guava-25.0-jre.jar;C:\Users\testinium\.m2\repository\com\google\code\findbugs\jsr305\1.3.9\jsr305-1.3.9.jar;C:\Users\testinium\.m2\repository\org\checkerframework\checker-compat-qual\2.0.0\checker-compat-qual-2.0.0.jar;C:\Users\testinium\.m2\repository\com\google\errorprone\error_prone_annotations\2.1.3\error_prone_annotations-2.1.3.jar;C:\Users\testinium\.m2\repository\com\google\j2objc\j2objc-annotations\1.1\j2objc-annotations-1.1.jar;C:\Users\testinium\.m2\repository\org\codehaus\mojo\animal-sniffer-annotations\1.14\animal-sniffer-annotations-1.14.jar;C:\Users\testinium\.m2\repository\com\squareup\okhttp3\okhttp\3.11.0\okhttp-3.11.0.jar;C:\Users\testinium\.m2\repository\com\squareup\okio\okio\1.14.0\okio-1.14.0.jar
25-05-2021 12:22:40.498 [Gauge] [DEBUG] Established connection to runner.
25-05-2021 12:22:40.498 [Gauge] [DEBUG] Validation started.
25-05-2021 12:22:40.608 [Gauge] [DEBUG] Checking updates...
25-05-2021 12:22:40.610 [Gauge] [DEBUG] Downloading https://downloads.gauge.org/plugin/flash?l=java&p=flash,html-report,java,screenshot,spectacle,xml-report&o=windows&a=amd64
25-05-2021 12:22:41.013 [Gauge] [DEBUG] Downloading https://downloads.gauge.org/plugin/html-report?l=java&p=flash,html-report,java,screenshot,spectacle,xml-report&o=windows&a=amd64
25-05-2021 12:22:41.167 [Gauge] [DEBUG] Downloading https://downloads.gauge.org/plugin/java?l=java&p=flash,html-report,java,screenshot,spectacle,xml-report&o=windows&a=amd64
25-05-2021 12:22:41.351 [Gauge] [DEBUG] Downloading https://downloads.gauge.org/plugin/screenshot?l=java&p=flash,html-report,java,screenshot,spectacle,xml-report&o=windows&a=amd64
25-05-2021 12:22:41.505 [Gauge] [DEBUG] Downloading https://downloads.gauge.org/plugin/spectacle?l=java&p=flash,html-report,java,screenshot,spectacle,xml-report&o=windows&a=amd64
25-05-2021 12:22:41.683 [Gauge] [DEBUG] Downloading https://downloads.gauge.org/plugin/xml-report?l=java&p=flash,html-report,java,screenshot,spectacle,xml-report&o=windows&a=amd64
25-05-2021 12:22:43.489 [Gauge] [DEBUG] Api Request Received: messageType:GetStepValueRequest messageId:4 stepValueRequest:<stepText:"dene" > 
25-05-2021 12:22:43.491 [Gauge] [DEBUG] Sending API response: messageType:GetStepValueResponse messageId:4 stepValueResponse:<stepValue:<stepValue:"dene" parameterizedStepValue:"dene" > > 
25-05-2021 12:22:43.536 [Gauge] [DEBUG] Validation completed.
25-05-2021 12:22:43.539 [Gauge] [DEBUG] Run started
25-05-2021 12:22:43.540 [Gauge] [DEBUG] Starting Html Report plugin
25-05-2021 12:22:43.557 [Gauge] [DEBUG] Attempting to connect to grpc server at port: 52823
25-05-2021 12:22:43.558 [Gauge] [DEBUG] Successfully made the connection with plugin with port: 52823
25-05-2021 12:22:43.559 [Gauge] [DEBUG] Initialising suite data store.
25-05-2021 12:22:44.132 [html-report] [DEBUG] Transformed SuiteResult to report structure
25-05-2021 12:22:44.152 [html-report] [INFO] Successfully generated html-report to => C:\Users\testinium\IdeaProjects\myProject\reports\html-report\index.html
25-05-2021 12:22:44.152 [html-report] [DEBUG] Done generating HTML report using theme from C:\Users\testinium\AppData\Roaming\gauge\plugins\html-report\4.0.9\themes\default
25-05-2021 12:22:44.152 [Gauge] [DEBUG] Sending kill message to Html Report plugin.
25-05-2021 12:22:44.153 [Gauge] [DEBUG] Sending kill message to runner.
25-05-2021 12:22:44.331 [Gauge] [INFO] Closing connection [127.0.0.1:52817] cause: read tcp 127.0.0.1:52813->127.0.0.1:52817: wsarecv: Varolan bir bağlantı uzaktaki bir ana bilgisayar tarafından zorla kapatıldı.
25-05-2021 12:22:44.461 [Gauge] [DEBUG] Runner with PID:12340 has exited
25-05-2021 12:22:44.461 [Gauge] [INFO] Specifications:	1 executed	0 passed	1 failed	0 skipped
25-05-2021 12:22:44.461 [Gauge] [INFO] Scenarios:	1 executed	0 passed	1 failed	0 skipped
25-05-2021 12:22:44.461 [Gauge] [INFO] 
Total time taken: 591ms
25-05-2021 12:22:44.462 [Gauge] [INFO] Updates are available. Run `gauge update -c` for more info.
25-05-2021 12:23:22.719 [Gauge] [DEBUG] Created gauge_screenshots_dir at C:\Users\testinium\IdeaProjects\myProject\.gauge\screenshots
25-05-2021 12:23:22.723 [Gauge] [DEBUG] Plugin java is already installed.
25-05-2021 12:23:22.724 [Gauge] [DEBUG] Plugin html-report is already installed.
25-05-2021 12:23:22.725 [Gauge] [DEBUG] Parsing started.
25-05-2021 12:23:22.725 [Gauge] [DEBUG] Started concepts parsing.
25-05-2021 12:23:22.729 [Gauge] [DEBUG] 0 concepts parsing completed.
25-05-2021 12:23:22.730 [Gauge] [DEBUG] Started specifications parsing.
25-05-2021 12:23:22.730 [Gauge] [DEBUG] 1 specifications parsing completed.
25-05-2021 12:23:22.730 [Gauge] [DEBUG] Parsing completed.
25-05-2021 12:23:22.732 [Gauge] [DEBUG] Staring java runner
25-05-2021 12:23:22.757 [java] [DEBUG] classpath set to C:\Program Files\Java\jdk1.8.0_291\jre\lib\charsets.jar;C:\Program Files\Java\jdk1.8.0_291\jre\lib\deploy.jar;C:\Program Files\Java\jdk1.8.0_291\jre\lib\ext\access-bridge-64.jar;C:\Program Files\Java\jdk1.8.0_291\jre\lib\ext\cldrdata.jar;C:\Program Files\Java\jdk1.8.0_291\jre\lib\ext\dnsns.jar;C:\Program Files\Java\jdk1.8.0_291\jre\lib\ext\jaccess.jar;C:\Program Files\Java\jdk1.8.0_291\jre\lib\ext\jfxrt.jar;C:\Program Files\Java\jdk1.8.0_291\jre\lib\ext\localedata.jar;C:\Program Files\Java\jdk1.8.0_291\jre\lib\ext\nashorn.jar;C:\Program Files\Java\jdk1.8.0_291\jre\lib\ext\sunec.jar;C:\Program Files\Java\jdk1.8.0_291\jre\lib\ext\sunjce_provider.jar;C:\Program Files\Java\jdk1.8.0_291\jre\lib\ext\sunmscapi.jar;C:\Program Files\Java\jdk1.8.0_291\jre\lib\ext\sunpkcs11.jar;C:\Program Files\Java\jdk1.8.0_291\jre\lib\ext\zipfs.jar;C:\Program Files\Java\jdk1.8.0_291\jre\lib\javaws.jar;C:\Program Files\Java\jdk1.8.0_291\jre\lib\jce.jar;C:\Program Files\Java\jdk1.8.0_291\jre\lib\jfr.jar;C:\Program Files\Java\jdk1.8.0_291\jre\lib\jfxswt.jar;C:\Program Files\Java\jdk1.8.0_291\jre\lib\jsse.jar;C:\Program Files\Java\jdk1.8.0_291\jre\lib\management-agent.jar;C:\Program Files\Java\jdk1.8.0_291\jre\lib\plugin.jar;C:\Program Files\Java\jdk1.8.0_291\jre\lib\resources.jar;C:\Program Files\Java\jdk1.8.0_291\jre\lib\rt.jar;C:\Users\testinium\IdeaProjects\myProject\target\test-classes;C:\Users\testinium\.m2\repository\com\thoughtworks\gauge\gauge-java\0.6.0\gauge-java-0.6.0.jar;C:\Users\testinium\.m2\repository\org\reflections\reflections\0.9.10\reflections-0.9.10.jar;C:\Users\testinium\.m2\repository\org\javassist\javassist\3.19.0-GA\javassist-3.19.0-GA.jar;C:\Users\testinium\.m2\repository\com\google\code\findbugs\annotations\2.0.1\annotations-2.0.1.jar;C:\Users\testinium\.m2\repository\com\github\javaparser\javaparser-core\2.3.0\javaparser-core-2.3.0.jar;C:\Users\testinium\.m2\repository\org\hamcrest\hamcrest-core\1.3\hamcrest-core-1.3.jar;C:\Users\testinium\.m2\repository\org\hamcrest\hamcrest-library\1.3\hamcrest-library-1.3.jar;C:\Users\testinium\.m2\repository\commons-io\commons-io\2.4\commons-io-2.4.jar;C:\Users\testinium\.m2\repository\commons-lang\commons-lang\2.6\commons-lang-2.6.jar;C:\Users\testinium\.m2\repository\com\google\protobuf\protobuf-java\3.1.0\protobuf-java-3.1.0.jar;C:\Users\testinium\.m2\repository\junit\junit\4.13.2\junit-4.13.2.jar;C:\Users\testinium\.m2\repository\org\seleniumhq\selenium\selenium-java\3.141.59\selenium-java-3.141.59.jar;C:\Users\testinium\.m2\repository\org\seleniumhq\selenium\selenium-api\3.141.59\selenium-api-3.141.59.jar;C:\Users\testinium\.m2\repository\org\seleniumhq\selenium\selenium-chrome-driver\3.141.59\selenium-chrome-driver-3.141.59.jar;C:\Users\testinium\.m2\repository\org\seleniumhq\selenium\selenium-edge-driver\3.141.59\selenium-edge-driver-3.141.59.jar;C:\Users\testinium\.m2\repository\org\seleniumhq\selenium\selenium-firefox-driver\3.141.59\selenium-firefox-driver-3.141.59.jar;C:\Users\testinium\.m2\repository\org\seleniumhq\selenium\selenium-ie-driver\3.141.59\selenium-ie-driver-3.141.59.jar;C:\Users\testinium\.m2\repository\org\seleniumhq\selenium\selenium-opera-driver\3.141.59\selenium-opera-driver-3.141.59.jar;C:\Users\testinium\.m2\repository\org\seleniumhq\selenium\selenium-remote-driver\3.141.59\selenium-remote-driver-3.141.59.jar;C:\Users\testinium\.m2\repository\org\seleniumhq\selenium\selenium-safari-driver\3.141.59\selenium-safari-driver-3.141.59.jar;C:\Users\testinium\.m2\repository\org\seleniumhq\selenium\selenium-support\3.141.59\selenium-support-3.141.59.jar;C:\Users\testinium\.m2\repository\net\bytebuddy\byte-buddy\1.8.15\byte-buddy-1.8.15.jar;C:\Users\testinium\.m2\repository\org\apache\commons\commons-exec\1.3\commons-exec-1.3.jar;C:\Users\testinium\.m2\repository\com\google\guava\guava\25.0-jre\guava-25.0-jre.jar;C:\Users\testinium\.m2\repository\com\google\code\findbugs\jsr305\1.3.9\jsr305-1.3.9.jar;C:\Users\testinium\.m2\repository\org\checkerframework\checker-compat-qual\2.0.0\checker-compat-qual-2.0.0.jar;C:\Users\testinium\.m2\repository\com\google\errorprone\error_prone_annotations\2.1.3\error_prone_annotations-2.1.3.jar;C:\Users\testinium\.m2\repository\com\google\j2objc\j2objc-annotations\1.1\j2objc-annotations-1.1.jar;C:\Users\testinium\.m2\repository\org\codehaus\mojo\animal-sniffer-annotations\1.14\animal-sniffer-annotations-1.14.jar;C:\Users\testinium\.m2\repository\com\squareup\okhttp3\okhttp\3.11.0\okhttp-3.11.0.jar;C:\Users\testinium\.m2\repository\com\squareup\okio\okio\1.14.0\okio-1.14.0.jar
25-05-2021 12:23:23.013 [Gauge] [DEBUG] Established connection to runner.
25-05-2021 12:23:23.014 [Gauge] [DEBUG] Validation started.
25-05-2021 12:23:23.164 [Gauge] [DEBUG] Checking updates...
25-05-2021 12:23:23.166 [Gauge] [DEBUG] Downloading https://downloads.gauge.org/plugin/flash?l=java&p=flash,html-report,java,screenshot,spectacle,xml-report&o=windows&a=amd64
25-05-2021 12:23:23.549 [Gauge] [DEBUG] Downloading https://downloads.gauge.org/plugin/html-report?l=java&p=flash,html-report,java,screenshot,spectacle,xml-report&o=windows&a=amd64
25-05-2021 12:23:23.724 [Gauge] [DEBUG] Downloading https://downloads.gauge.org/plugin/java?l=java&p=flash,html-report,java,screenshot,spectacle,xml-report&o=windows&a=amd64
25-05-2021 12:23:23.878 [Gauge] [DEBUG] Downloading https://downloads.gauge.org/plugin/screenshot?l=java&p=flash,html-report,java,screenshot,spectacle,xml-report&o=windows&a=amd64
25-05-2021 12:23:24.033 [Gauge] [DEBUG] Downloading https://downloads.gauge.org/plugin/spectacle?l=java&p=flash,html-report,java,screenshot,spectacle,xml-report&o=windows&a=amd64
25-05-2021 12:23:24.193 [Gauge] [DEBUG] Downloading https://downloads.gauge.org/plugin/xml-report?l=java&p=flash,html-report,java,screenshot,spectacle,xml-report&o=windows&a=amd64
25-05-2021 12:23:26.013 [Gauge] [DEBUG] Api Request Received: messageType:GetStepValueRequest messageId:4 stepValueRequest:<stepText:"dene" > 
25-05-2021 12:23:26.013 [Gauge] [DEBUG] Sending API response: messageType:GetStepValueResponse messageId:4 stepValueResponse:<stepValue:<stepValue:"dene" parameterizedStepValue:"dene" > > 
25-05-2021 12:23:26.061 [Gauge] [DEBUG] Validation completed.
25-05-2021 12:23:26.062 [Gauge] [DEBUG] Run started
25-05-2021 12:23:26.063 [Gauge] [DEBUG] Starting Html Report plugin
25-05-2021 12:23:26.079 [Gauge] [DEBUG] Attempting to connect to grpc server at port: 52841
25-05-2021 12:23:26.081 [Gauge] [DEBUG] Successfully made the connection with plugin with port: 52841
25-05-2021 12:23:26.081 [Gauge] [DEBUG] Initialising suite data store.
25-05-2021 12:23:26.593 [html-report] [DEBUG] Transformed SuiteResult to report structure
25-05-2021 12:23:26.609 [html-report] [INFO] Successfully generated html-report to => C:\Users\testinium\IdeaProjects\myProject\reports\html-report\index.html
25-05-2021 12:23:26.609 [Gauge] [DEBUG] Sending kill message to Html Report plugin.
25-05-2021 12:23:26.609 [html-report] [DEBUG] Done generating HTML report using theme from C:\Users\testinium\AppData\Roaming\gauge\plugins\html-report\4.0.9\themes\default
25-05-2021 12:23:26.609 [Gauge] [DEBUG] Sending kill message to runner.
25-05-2021 12:23:26.793 [Gauge] [INFO] Closing connection [127.0.0.1:52832] cause: read tcp 127.0.0.1:52828->127.0.0.1:52832: wsarecv: Varolan bir bağlantı uzaktaki bir ana bilgisayar tarafından zorla kapatıldı.
25-05-2021 12:23:26.928 [Gauge] [DEBUG] Runner with PID:2068 has exited
25-05-2021 12:23:26.928 [Gauge] [INFO] Specifications:	1 executed	0 passed	1 failed	0 skipped
25-05-2021 12:23:26.928 [Gauge] [INFO] Scenarios:	1 executed	0 passed	1 failed	0 skipped
25-05-2021 12:23:26.928 [Gauge] [INFO] 
Total time taken: 529ms
25-05-2021 12:23:26.929 [Gauge] [INFO] Updates are available. Run `gauge update -c` for more info.
25-05-2021 12:24:25.441 [Gauge] [DEBUG] Created gauge_screenshots_dir at C:\Users\testinium\IdeaProjects\myProject\.gauge\screenshots
25-05-2021 12:24:25.443 [Gauge] [DEBUG] Plugin java is already installed.
25-05-2021 12:24:25.443 [Gauge] [DEBUG] Plugin html-report is already installed.
25-05-2021 12:24:25.444 [Gauge] [DEBUG] Parsing started.
25-05-2021 12:24:25.444 [Gauge] [DEBUG] Started concepts parsing.
25-05-2021 12:24:25.448 [Gauge] [DEBUG] 0 concepts parsing completed.
25-05-2021 12:24:25.448 [Gauge] [DEBUG] Started specifications parsing.
25-05-2021 12:24:25.448 [Gauge] [DEBUG] 1 specifications parsing completed.
25-05-2021 12:24:25.448 [Gauge] [DEBUG] Parsing completed.
25-05-2021 12:24:25.449 [Gauge] [DEBUG] Staring java runner
25-05-2021 12:24:25.472 [java] [DEBUG] classpath set to C:\Program Files\Java\jdk1.8.0_291\jre\lib\charsets.jar;C:\Program Files\Java\jdk1.8.0_291\jre\lib\deploy.jar;C:\Program Files\Java\jdk1.8.0_291\jre\lib\ext\access-bridge-64.jar;C:\Program Files\Java\jdk1.8.0_291\jre\lib\ext\cldrdata.jar;C:\Program Files\Java\jdk1.8.0_291\jre\lib\ext\dnsns.jar;C:\Program Files\Java\jdk1.8.0_291\jre\lib\ext\jaccess.jar;C:\Program Files\Java\jdk1.8.0_291\jre\lib\ext\jfxrt.jar;C:\Program Files\Java\jdk1.8.0_291\jre\lib\ext\localedata.jar;C:\Program Files\Java\jdk1.8.0_291\jre\lib\ext\nashorn.jar;C:\Program Files\Java\jdk1.8.0_291\jre\lib\ext\sunec.jar;C:\Program Files\Java\jdk1.8.0_291\jre\lib\ext\sunjce_provider.jar;C:\Program Files\Java\jdk1.8.0_291\jre\lib\ext\sunmscapi.jar;C:\Program Files\Java\jdk1.8.0_291\jre\lib\ext\sunpkcs11.jar;C:\Program Files\Java\jdk1.8.0_291\jre\lib\ext\zipfs.jar;C:\Program Files\Java\jdk1.8.0_291\jre\lib\javaws.jar;C:\Program Files\Java\jdk1.8.0_291\jre\lib\jce.jar;C:\Program Files\Java\jdk1.8.0_291\jre\lib\jfr.jar;C:\Program Files\Java\jdk1.8.0_291\jre\lib\jfxswt.jar;C:\Program Files\Java\jdk1.8.0_291\jre\lib\jsse.jar;C:\Program Files\Java\jdk1.8.0_291\jre\lib\management-agent.jar;C:\Program Files\Java\jdk1.8.0_291\jre\lib\plugin.jar;C:\Program Files\Java\jdk1.8.0_291\jre\lib\resources.jar;C:\Program Files\Java\jdk1.8.0_291\jre\lib\rt.jar;C:\Users\testinium\IdeaProjects\myProject\target\test-classes;C:\Users\testinium\.m2\repository\com\thoughtworks\gauge\gauge-java\0.6.0\gauge-java-0.6.0.jar;C:\Users\testinium\.m2\repository\org\reflections\reflections\0.9.10\reflections-0.9.10.jar;C:\Users\testinium\.m2\repository\org\javassist\javassist\3.19.0-GA\javassist-3.19.0-GA.jar;C:\Users\testinium\.m2\repository\com\google\code\findbugs\annotations\2.0.1\annotations-2.0.1.jar;C:\Users\testinium\.m2\repository\com\github\javaparser\javaparser-core\2.3.0\javaparser-core-2.3.0.jar;C:\Users\testinium\.m2\repository\org\hamcrest\hamcrest-core\1.3\hamcrest-core-1.3.jar;C:\Users\testinium\.m2\repository\org\hamcrest\hamcrest-library\1.3\hamcrest-library-1.3.jar;C:\Users\testinium\.m2\repository\commons-io\commons-io\2.4\commons-io-2.4.jar;C:\Users\testinium\.m2\repository\commons-lang\commons-lang\2.6\commons-lang-2.6.jar;C:\Users\testinium\.m2\repository\com\google\protobuf\protobuf-java\3.1.0\protobuf-java-3.1.0.jar;C:\Users\testinium\.m2\repository\junit\junit\4.13.2\junit-4.13.2.jar;C:\Users\testinium\.m2\repository\org\seleniumhq\selenium\selenium-java\3.141.59\selenium-java-3.141.59.jar;C:\Users\testinium\.m2\repository\org\seleniumhq\selenium\selenium-api\3.141.59\selenium-api-3.141.59.jar;C:\Users\testinium\.m2\repository\org\seleniumhq\selenium\selenium-chrome-driver\3.141.59\selenium-chrome-driver-3.141.59.jar;C:\Users\testinium\.m2\repository\org\seleniumhq\selenium\selenium-edge-driver\3.141.59\selenium-edge-driver-3.141.59.jar;C:\Users\testinium\.m2\repository\org\seleniumhq\selenium\selenium-firefox-driver\3.141.59\selenium-firefox-driver-3.141.59.jar;C:\Users\testinium\.m2\repository\org\seleniumhq\selenium\selenium-ie-driver\3.141.59\selenium-ie-driver-3.141.59.jar;C:\Users\testinium\.m2\repository\org\seleniumhq\selenium\selenium-opera-driver\3.141.59\selenium-opera-driver-3.141.59.jar;C:\Users\testinium\.m2\repository\org\seleniumhq\selenium\selenium-remote-driver\3.141.59\selenium-remote-driver-3.141.59.jar;C:\Users\testinium\.m2\repository\org\seleniumhq\selenium\selenium-safari-driver\3.141.59\selenium-safari-driver-3.141.59.jar;C:\Users\testinium\.m2\repository\org\seleniumhq\selenium\selenium-support\3.141.59\selenium-support-3.141.59.jar;C:\Users\testinium\.m2\repository\net\bytebuddy\byte-buddy\1.8.15\byte-buddy-1.8.15.jar;C:\Users\testinium\.m2\repository\org\apache\commons\commons-exec\1.3\commons-exec-1.3.jar;C:\Users\testinium\.m2\repository\com\google\guava\guava\25.0-jre\guava-25.0-jre.jar;C:\Users\testinium\.m2\repository\com\google\code\findbugs\jsr305\1.3.9\jsr305-1.3.9.jar;C:\Users\testinium\.m2\repository\org\checkerframework\checker-compat-qual\2.0.0\checker-compat-qual-2.0.0.jar;C:\Users\testinium\.m2\repository\com\google\errorprone\error_prone_annotations\2.1.3\error_prone_annotations-2.1.3.jar;C:\Users\testinium\.m2\repository\com\google\j2objc\j2objc-annotations\1.1\j2objc-annotations-1.1.jar;C:\Users\testinium\.m2\repository\org\codehaus\mojo\animal-sniffer-annotations\1.14\animal-sniffer-annotations-1.14.jar;C:\Users\testinium\.m2\repository\com\squareup\okhttp3\okhttp\3.11.0\okhttp-3.11.0.jar;C:\Users\testinium\.m2\repository\com\squareup\okio\okio\1.14.0\okio-1.14.0.jar
25-05-2021 12:24:25.689 [Gauge] [DEBUG] Established connection to runner.
25-05-2021 12:24:25.689 [Gauge] [DEBUG] Validation started.
25-05-2021 12:24:25.896 [Gauge] [DEBUG] Checking updates...
25-05-2021 12:24:25.898 [Gauge] [DEBUG] Downloading https://downloads.gauge.org/plugin/flash?l=java&p=flash,html-report,java,screenshot,spectacle,xml-report&o=windows&a=amd64
25-05-2021 12:24:26.649 [Gauge] [DEBUG] Downloading https://downloads.gauge.org/plugin/html-report?l=java&p=flash,html-report,java,screenshot,spectacle,xml-report&o=windows&a=amd64
25-05-2021 12:24:26.815 [Gauge] [DEBUG] Downloading https://downloads.gauge.org/plugin/java?l=java&p=flash,html-report,java,screenshot,spectacle,xml-report&o=windows&a=amd64
25-05-2021 12:24:26.975 [Gauge] [DEBUG] Downloading https://downloads.gauge.org/plugin/screenshot?l=java&p=flash,html-report,java,screenshot,spectacle,xml-report&o=windows&a=amd64
25-05-2021 12:24:27.129 [Gauge] [DEBUG] Downloading https://downloads.gauge.org/plugin/spectacle?l=java&p=flash,html-report,java,screenshot,spectacle,xml-report&o=windows&a=amd64
25-05-2021 12:24:27.287 [Gauge] [DEBUG] Downloading https://downloads.gauge.org/plugin/xml-report?l=java&p=flash,html-report,java,screenshot,spectacle,xml-report&o=windows&a=amd64
25-05-2021 12:24:28.676 [Gauge] [DEBUG] Api Request Received: messageType:GetStepValueRequest messageId:4 stepValueRequest:<stepText:"dene" > 
25-05-2021 12:24:28.676 [Gauge] [DEBUG] Sending API response: messageType:GetStepValueResponse messageId:4 stepValueResponse:<stepValue:<stepValue:"dene" parameterizedStepValue:"dene" > > 
25-05-2021 12:24:28.723 [Gauge] [DEBUG] Validation completed.
25-05-2021 12:24:28.724 [Gauge] [DEBUG] Run started
25-05-2021 12:24:28.725 [Gauge] [DEBUG] Starting Html Report plugin
25-05-2021 12:24:28.745 [Gauge] [DEBUG] Attempting to connect to grpc server at port: 52856
25-05-2021 12:24:28.748 [Gauge] [DEBUG] Successfully made the connection with plugin with port: 52856
25-05-2021 12:24:28.748 [Gauge] [DEBUG] Initialising suite data store.
25-05-2021 12:24:29.272 [html-report] [DEBUG] Transformed SuiteResult to report structure
25-05-2021 12:24:29.290 [html-report] [INFO] Successfully generated html-report to => C:\Users\testinium\IdeaProjects\myProject\reports\html-report\index.html
25-05-2021 12:24:29.290 [html-report] [DEBUG] Done generating HTML report using theme from C:\Users\testinium\AppData\Roaming\gauge\plugins\html-report\4.0.9\themes\default
25-05-2021 12:24:29.290 [Gauge] [DEBUG] Sending kill message to Html Report plugin.
25-05-2021 12:24:29.291 [Gauge] [DEBUG] Sending kill message to runner.
25-05-2021 12:24:29.470 [Gauge] [INFO] Closing connection [127.0.0.1:52850] cause: read tcp 127.0.0.1:52846->127.0.0.1:52850: wsarecv: Varolan bir bağlantı uzaktaki bir ana bilgisayar tarafından zorla kapatıldı.
25-05-2021 12:24:29.609 [Gauge] [DEBUG] Runner with PID:6436 has exited
25-05-2021 12:24:29.609 [Gauge] [INFO] Specifications:	1 executed	0 passed	1 failed	0 skipped
25-05-2021 12:24:29.609 [Gauge] [INFO] Scenarios:	1 executed	0 passed	1 failed	0 skipped
25-05-2021 12:24:29.609 [Gauge] [INFO] 
Total time taken: 547ms
25-05-2021 12:24:29.610 [Gauge] [INFO] Updates are available. Run `gauge update -c` for more info.
25-05-2021 12:29:15.937 [Gauge] [DEBUG] Created gauge_screenshots_dir at C:\Users\testinium\IdeaProjects\myProject\.gauge\screenshots
25-05-2021 12:29:15.939 [Gauge] [DEBUG] Plugin java is already installed.
25-05-2021 12:29:15.940 [Gauge] [DEBUG] Plugin html-report is already installed.
25-05-2021 12:29:15.940 [Gauge] [DEBUG] Parsing started.
25-05-2021 12:29:15.940 [Gauge] [DEBUG] Started concepts parsing.
25-05-2021 12:29:15.944 [Gauge] [DEBUG] 0 concepts parsing completed.
25-05-2021 12:29:15.945 [Gauge] [DEBUG] Started specifications parsing.
25-05-2021 12:29:15.946 [Gauge] [DEBUG] 1 specifications parsing completed.
25-05-2021 12:29:15.946 [Gauge] [DEBUG] Parsing completed.
25-05-2021 12:29:15.947 [Gauge] [DEBUG] Staring java runner
25-05-2021 12:29:15.971 [java] [DEBUG] classpath set to C:\Program Files\Java\jdk1.8.0_291\jre\lib\charsets.jar;C:\Program Files\Java\jdk1.8.0_291\jre\lib\deploy.jar;C:\Program Files\Java\jdk1.8.0_291\jre\lib\ext\access-bridge-64.jar;C:\Program Files\Java\jdk1.8.0_291\jre\lib\ext\cldrdata.jar;C:\Program Files\Java\jdk1.8.0_291\jre\lib\ext\dnsns.jar;C:\Program Files\Java\jdk1.8.0_291\jre\lib\ext\jaccess.jar;C:\Program Files\Java\jdk1.8.0_291\jre\lib\ext\jfxrt.jar;C:\Program Files\Java\jdk1.8.0_291\jre\lib\ext\localedata.jar;C:\Program Files\Java\jdk1.8.0_291\jre\lib\ext\nashorn.jar;C:\Program Files\Java\jdk1.8.0_291\jre\lib\ext\sunec.jar;C:\Program Files\Java\jdk1.8.0_291\jre\lib\ext\sunjce_provider.jar;C:\Program Files\Java\jdk1.8.0_291\jre\lib\ext\sunmscapi.jar;C:\Program Files\Java\jdk1.8.0_291\jre\lib\ext\sunpkcs11.jar;C:\Program Files\Java\jdk1.8.0_291\jre\lib\ext\zipfs.jar;C:\Program Files\Java\jdk1.8.0_291\jre\lib\javaws.jar;C:\Program Files\Java\jdk1.8.0_291\jre\lib\jce.jar;C:\Program Files\Java\jdk1.8.0_291\jre\lib\jfr.jar;C:\Program Files\Java\jdk1.8.0_291\jre\lib\jfxswt.jar;C:\Program Files\Java\jdk1.8.0_291\jre\lib\jsse.jar;C:\Program Files\Java\jdk1.8.0_291\jre\lib\management-agent.jar;C:\Program Files\Java\jdk1.8.0_291\jre\lib\plugin.jar;C:\Program Files\Java\jdk1.8.0_291\jre\lib\resources.jar;C:\Program Files\Java\jdk1.8.0_291\jre\lib\rt.jar;C:\Users\testinium\IdeaProjects\myProject\target\test-classes;C:\Users\testinium\.m2\repository\com\thoughtworks\gauge\gauge-java\0.6.0\gauge-java-0.6.0.jar;C:\Users\testinium\.m2\repository\org\reflections\reflections\0.9.10\reflections-0.9.10.jar;C:\Users\testinium\.m2\repository\org\javassist\javassist\3.19.0-GA\javassist-3.19.0-GA.jar;C:\Users\testinium\.m2\repository\com\google\code\findbugs\annotations\2.0.1\annotations-2.0.1.jar;C:\Users\testinium\.m2\repository\com\github\javaparser\javaparser-core\2.3.0\javaparser-core-2.3.0.jar;C:\Users\testinium\.m2\repository\org\hamcrest\hamcrest-core\1.3\hamcrest-core-1.3.jar;C:\Users\testinium\.m2\repository\org\hamcrest\hamcrest-library\1.3\hamcrest-library-1.3.jar;C:\Users\testinium\.m2\repository\commons-io\commons-io\2.4\commons-io-2.4.jar;C:\Users\testinium\.m2\repository\commons-lang\commons-lang\2.6\commons-lang-2.6.jar;C:\Users\testinium\.m2\repository\com\google\protobuf\protobuf-java\3.1.0\protobuf-java-3.1.0.jar;C:\Users\testinium\.m2\repository\junit\junit\4.13.2\junit-4.13.2.jar;C:\Users\testinium\.m2\repository\org\seleniumhq\selenium\selenium-java\3.141.59\selenium-java-3.141.59.jar;C:\Users\testinium\.m2\repository\org\seleniumhq\selenium\selenium-api\3.141.59\selenium-api-3.141.59.jar;C:\Users\testinium\.m2\repository\org\seleniumhq\selenium\selenium-chrome-driver\3.141.59\selenium-chrome-driver-3.141.59.jar;C:\Users\testinium\.m2\repository\org\seleniumhq\selenium\selenium-edge-driver\3.141.59\selenium-edge-driver-3.141.59.jar;C:\Users\testinium\.m2\repository\org\seleniumhq\selenium\selenium-firefox-driver\3.141.59\selenium-firefox-driver-3.141.59.jar;C:\Users\testinium\.m2\repository\org\seleniumhq\selenium\selenium-ie-driver\3.141.59\selenium-ie-driver-3.141.59.jar;C:\Users\testinium\.m2\repository\org\seleniumhq\selenium\selenium-opera-driver\3.141.59\selenium-opera-driver-3.141.59.jar;C:\Users\testinium\.m2\repository\org\seleniumhq\selenium\selenium-remote-driver\3.141.59\selenium-remote-driver-3.141.59.jar;C:\Users\testinium\.m2\repository\org\seleniumhq\selenium\selenium-safari-driver\3.141.59\selenium-safari-driver-3.141.59.jar;C:\Users\testinium\.m2\repository\org\seleniumhq\selenium\selenium-support\3.141.59\selenium-support-3.141.59.jar;C:\Users\testinium\.m2\repository\net\bytebuddy\byte-buddy\1.8.15\byte-buddy-1.8.15.jar;C:\Users\testinium\.m2\repository\org\apache\commons\commons-exec\1.3\commons-exec-1.3.jar;C:\Users\testinium\.m2\repository\com\google\guava\guava\25.0-jre\guava-25.0-jre.jar;C:\Users\testinium\.m2\repository\com\google\code\findbugs\jsr305\1.3.9\jsr305-1.3.9.jar;C:\Users\testinium\.m2\repository\org\checkerframework\checker-compat-qual\2.0.0\checker-compat-qual-2.0.0.jar;C:\Users\testinium\.m2\repository\com\google\errorprone\error_prone_annotations\2.1.3\error_prone_annotations-2.1.3.jar;C:\Users\testinium\.m2\repository\com\google\j2objc\j2objc-annotations\1.1\j2objc-annotations-1.1.jar;C:\Users\testinium\.m2\repository\org\codehaus\mojo\animal-sniffer-annotations\1.14\animal-sniffer-annotations-1.14.jar;C:\Users\testinium\.m2\repository\com\squareup\okhttp3\okhttp\3.11.0\okhttp-3.11.0.jar;C:\Users\testinium\.m2\repository\com\squareup\okio\okio\1.14.0\okio-1.14.0.jar
25-05-2021 12:29:16.205 [Gauge] [DEBUG] Established connection to runner.
25-05-2021 12:29:16.205 [Gauge] [DEBUG] Validation started.
25-05-2021 12:29:16.358 [Gauge] [DEBUG] Checking updates...
25-05-2021 12:29:16.361 [Gauge] [DEBUG] Downloading https://downloads.gauge.org/plugin/flash?l=java&p=flash,html-report,java,screenshot,spectacle,xml-report&o=windows&a=amd64
25-05-2021 12:29:16.834 [Gauge] [DEBUG] Downloading https://downloads.gauge.org/plugin/html-report?l=java&p=flash,html-report,java,screenshot,spectacle,xml-report&o=windows&a=amd64
25-05-2021 12:29:17.008 [Gauge] [DEBUG] Downloading https://downloads.gauge.org/plugin/java?l=java&p=flash,html-report,java,screenshot,spectacle,xml-report&o=windows&a=amd64
25-05-2021 12:29:17.180 [Gauge] [DEBUG] Downloading https://downloads.gauge.org/plugin/screenshot?l=java&p=flash,html-report,java,screenshot,spectacle,xml-report&o=windows&a=amd64
25-05-2021 12:29:17.343 [Gauge] [DEBUG] Downloading https://downloads.gauge.org/plugin/spectacle?l=java&p=flash,html-report,java,screenshot,spectacle,xml-report&o=windows&a=amd64
25-05-2021 12:29:17.522 [Gauge] [DEBUG] Downloading https://downloads.gauge.org/plugin/xml-report?l=java&p=flash,html-report,java,screenshot,spectacle,xml-report&o=windows&a=amd64
25-05-2021 12:29:19.532 [Gauge] [DEBUG] Api Request Received: messageType:GetStepValueRequest messageId:4 stepValueRequest:<stepText:"dene" > 
25-05-2021 12:29:19.533 [Gauge] [DEBUG] Sending API response: messageType:GetStepValueResponse messageId:4 stepValueResponse:<stepValue:<stepValue:"dene" parameterizedStepValue:"dene" > > 
25-05-2021 12:29:19.578 [Gauge] [DEBUG] Validation completed.
25-05-2021 12:29:19.579 [Gauge] [DEBUG] Run started
25-05-2021 12:29:19.580 [Gauge] [DEBUG] Starting Html Report plugin
25-05-2021 12:29:19.598 [Gauge] [DEBUG] Attempting to connect to grpc server at port: 52953
25-05-2021 12:29:19.599 [Gauge] [DEBUG] Successfully made the connection with plugin with port: 52953
25-05-2021 12:29:19.599 [Gauge] [DEBUG] Initialising suite data store.
25-05-2021 12:29:20.144 [html-report] [DEBUG] Transformed SuiteResult to report structure
25-05-2021 12:29:20.164 [html-report] [INFO] Successfully generated html-report to => C:\Users\testinium\IdeaProjects\myProject\reports\html-report\index.html
25-05-2021 12:29:20.164 [html-report] [DEBUG] Done generating HTML report using theme from C:\Users\testinium\AppData\Roaming\gauge\plugins\html-report\4.0.9\themes\default
25-05-2021 12:29:20.164 [Gauge] [DEBUG] Sending kill message to Html Report plugin.
25-05-2021 12:29:20.164 [Gauge] [DEBUG] Sending kill message to runner.
25-05-2021 12:29:20.357 [Gauge] [INFO] Closing connection [127.0.0.1:52946] cause: read tcp 127.0.0.1:52942->127.0.0.1:52946: wsarecv: Varolan bir bağlantı uzaktaki bir ana bilgisayar tarafından zorla kapatıldı.
25-05-2021 12:29:20.467 [Gauge] [DEBUG] Runner with PID:3308 has exited
25-05-2021 12:29:20.467 [Gauge] [INFO] Specifications:	1 executed	0 passed	1 failed	0 skipped
25-05-2021 12:29:20.467 [Gauge] [INFO] Scenarios:	1 executed	0 passed	1 failed	0 skipped
25-05-2021 12:29:20.467 [Gauge] [INFO] 
Total time taken: 565ms
25-05-2021 12:29:20.469 [Gauge] [INFO] Updates are available. Run `gauge update -c` for more info.
25-05-2021 12:29:46.637 [Gauge] [DEBUG] Created gauge_screenshots_dir at C:\Users\testinium\IdeaProjects\myProject\.gauge\screenshots
25-05-2021 12:29:46.639 [Gauge] [DEBUG] Plugin html-report is already installed.
25-05-2021 12:29:46.640 [Gauge] [DEBUG] Plugin java is already installed.
25-05-2021 12:29:46.640 [Gauge] [DEBUG] Parsing started.
25-05-2021 12:29:46.640 [Gauge] [DEBUG] Started concepts parsing.
25-05-2021 12:29:46.645 [Gauge] [DEBUG] 0 concepts parsing completed.
25-05-2021 12:29:46.645 [Gauge] [DEBUG] Started specifications parsing.
25-05-2021 12:29:46.646 [Gauge] [DEBUG] 1 specifications parsing completed.
25-05-2021 12:29:46.646 [Gauge] [DEBUG] Parsing completed.
25-05-2021 12:29:46.647 [Gauge] [DEBUG] Staring java runner
25-05-2021 12:29:46.674 [java] [DEBUG] classpath set to C:\Program Files\Java\jdk1.8.0_291\jre\lib\charsets.jar;C:\Program Files\Java\jdk1.8.0_291\jre\lib\deploy.jar;C:\Program Files\Java\jdk1.8.0_291\jre\lib\ext\access-bridge-64.jar;C:\Program Files\Java\jdk1.8.0_291\jre\lib\ext\cldrdata.jar;C:\Program Files\Java\jdk1.8.0_291\jre\lib\ext\dnsns.jar;C:\Program Files\Java\jdk1.8.0_291\jre\lib\ext\jaccess.jar;C:\Program Files\Java\jdk1.8.0_291\jre\lib\ext\jfxrt.jar;C:\Program Files\Java\jdk1.8.0_291\jre\lib\ext\localedata.jar;C:\Program Files\Java\jdk1.8.0_291\jre\lib\ext\nashorn.jar;C:\Program Files\Java\jdk1.8.0_291\jre\lib\ext\sunec.jar;C:\Program Files\Java\jdk1.8.0_291\jre\lib\ext\sunjce_provider.jar;C:\Program Files\Java\jdk1.8.0_291\jre\lib\ext\sunmscapi.jar;C:\Program Files\Java\jdk1.8.0_291\jre\lib\ext\sunpkcs11.jar;C:\Program Files\Java\jdk1.8.0_291\jre\lib\ext\zipfs.jar;C:\Program Files\Java\jdk1.8.0_291\jre\lib\javaws.jar;C:\Program Files\Java\jdk1.8.0_291\jre\lib\jce.jar;C:\Program Files\Java\jdk1.8.0_291\jre\lib\jfr.jar;C:\Program Files\Java\jdk1.8.0_291\jre\lib\jfxswt.jar;C:\Program Files\Java\jdk1.8.0_291\jre\lib\jsse.jar;C:\Program Files\Java\jdk1.8.0_291\jre\lib\management-agent.jar;C:\Program Files\Java\jdk1.8.0_291\jre\lib\plugin.jar;C:\Program Files\Java\jdk1.8.0_291\jre\lib\resources.jar;C:\Program Files\Java\jdk1.8.0_291\jre\lib\rt.jar;C:\Users\testinium\IdeaProjects\myProject\target\test-classes;C:\Users\testinium\.m2\repository\com\thoughtworks\gauge\gauge-java\0.6.0\gauge-java-0.6.0.jar;C:\Users\testinium\.m2\repository\org\reflections\reflections\0.9.10\reflections-0.9.10.jar;C:\Users\testinium\.m2\repository\org\javassist\javassist\3.19.0-GA\javassist-3.19.0-GA.jar;C:\Users\testinium\.m2\repository\com\google\code\findbugs\annotations\2.0.1\annotations-2.0.1.jar;C:\Users\testinium\.m2\repository\com\github\javaparser\javaparser-core\2.3.0\javaparser-core-2.3.0.jar;C:\Users\testinium\.m2\repository\org\hamcrest\hamcrest-core\1.3\hamcrest-core-1.3.jar;C:\Users\testinium\.m2\repository\org\hamcrest\hamcrest-library\1.3\hamcrest-library-1.3.jar;C:\Users\testinium\.m2\repository\commons-io\commons-io\2.4\commons-io-2.4.jar;C:\Users\testinium\.m2\repository\commons-lang\commons-lang\2.6\commons-lang-2.6.jar;C:\Users\testinium\.m2\repository\com\google\protobuf\protobuf-java\3.1.0\protobuf-java-3.1.0.jar;C:\Users\testinium\.m2\repository\junit\junit\4.13.2\junit-4.13.2.jar;C:\Users\testinium\.m2\repository\org\seleniumhq\selenium\selenium-java\3.141.59\selenium-java-3.141.59.jar;C:\Users\testinium\.m2\repository\org\seleniumhq\selenium\selenium-api\3.141.59\selenium-api-3.141.59.jar;C:\Users\testinium\.m2\repository\org\seleniumhq\selenium\selenium-chrome-driver\3.141.59\selenium-chrome-driver-3.141.59.jar;C:\Users\testinium\.m2\repository\org\seleniumhq\selenium\selenium-edge-driver\3.141.59\selenium-edge-driver-3.141.59.jar;C:\Users\testinium\.m2\repository\org\seleniumhq\selenium\selenium-firefox-driver\3.141.59\selenium-firefox-driver-3.141.59.jar;C:\Users\testinium\.m2\repository\org\seleniumhq\selenium\selenium-ie-driver\3.141.59\selenium-ie-driver-3.141.59.jar;C:\Users\testinium\.m2\repository\org\seleniumhq\selenium\selenium-opera-driver\3.141.59\selenium-opera-driver-3.141.59.jar;C:\Users\testinium\.m2\repository\org\seleniumhq\selenium\selenium-remote-driver\3.141.59\selenium-remote-driver-3.141.59.jar;C:\Users\testinium\.m2\repository\org\seleniumhq\selenium\selenium-safari-driver\3.141.59\selenium-safari-driver-3.141.59.jar;C:\Users\testinium\.m2\repository\org\seleniumhq\selenium\selenium-support\3.141.59\selenium-support-3.141.59.jar;C:\Users\testinium\.m2\repository\net\bytebuddy\byte-buddy\1.8.15\byte-buddy-1.8.15.jar;C:\Users\testinium\.m2\repository\org\apache\commons\commons-exec\1.3\commons-exec-1.3.jar;C:\Users\testinium\.m2\repository\com\google\guava\guava\25.0-jre\guava-25.0-jre.jar;C:\Users\testinium\.m2\repository\com\google\code\findbugs\jsr305\1.3.9\jsr305-1.3.9.jar;C:\Users\testinium\.m2\repository\org\checkerframework\checker-compat-qual\2.0.0\checker-compat-qual-2.0.0.jar;C:\Users\testinium\.m2\repository\com\google\errorprone\error_prone_annotations\2.1.3\error_prone_annotations-2.1.3.jar;C:\Users\testinium\.m2\repository\com\google\j2objc\j2objc-annotations\1.1\j2objc-annotations-1.1.jar;C:\Users\testinium\.m2\repository\org\codehaus\mojo\animal-sniffer-annotations\1.14\animal-sniffer-annotations-1.14.jar;C:\Users\testinium\.m2\repository\com\squareup\okhttp3\okhttp\3.11.0\okhttp-3.11.0.jar;C:\Users\testinium\.m2\repository\com\squareup\okio\okio\1.14.0\okio-1.14.0.jar
25-05-2021 12:29:46.918 [Gauge] [DEBUG] Established connection to runner.
25-05-2021 12:29:46.918 [Gauge] [DEBUG] Validation started.
25-05-2021 12:29:47.038 [Gauge] [DEBUG] Checking updates...
25-05-2021 12:29:47.040 [Gauge] [DEBUG] Downloading https://downloads.gauge.org/plugin/flash?l=java&p=flash,html-report,java,screenshot,spectacle,xml-report&o=windows&a=amd64
25-05-2021 12:29:47.536 [Gauge] [DEBUG] Downloading https://downloads.gauge.org/plugin/html-report?l=java&p=flash,html-report,java,screenshot,spectacle,xml-report&o=windows&a=amd64
25-05-2021 12:29:47.734 [Gauge] [DEBUG] Downloading https://downloads.gauge.org/plugin/java?l=java&p=flash,html-report,java,screenshot,spectacle,xml-report&o=windows&a=amd64
25-05-2021 12:29:47.912 [Gauge] [DEBUG] Downloading https://downloads.gauge.org/plugin/screenshot?l=java&p=flash,html-report,java,screenshot,spectacle,xml-report&o=windows&a=amd64
25-05-2021 12:29:48.102 [Gauge] [DEBUG] Downloading https://downloads.gauge.org/plugin/spectacle?l=java&p=flash,html-report,java,screenshot,spectacle,xml-report&o=windows&a=amd64
25-05-2021 12:29:48.297 [Gauge] [DEBUG] Downloading https://downloads.gauge.org/plugin/xml-report?l=java&p=flash,html-report,java,screenshot,spectacle,xml-report&o=windows&a=amd64
25-05-2021 12:29:49.966 [Gauge] [DEBUG] Api Request Received: messageType:GetStepValueRequest messageId:4 stepValueRequest:<stepText:"dene" > 
25-05-2021 12:29:49.966 [Gauge] [DEBUG] Sending API response: messageType:GetStepValueResponse messageId:4 stepValueResponse:<stepValue:<stepValue:"dene" parameterizedStepValue:"dene" > > 
25-05-2021 12:29:50.009 [Gauge] [DEBUG] Validation completed.
25-05-2021 12:29:50.011 [Gauge] [DEBUG] Run started
25-05-2021 12:29:50.012 [Gauge] [DEBUG] Starting Html Report plugin
25-05-2021 12:29:50.030 [Gauge] [DEBUG] Attempting to connect to grpc server at port: 52972
25-05-2021 12:29:50.031 [Gauge] [DEBUG] Successfully made the connection with plugin with port: 52972
25-05-2021 12:29:50.031 [Gauge] [DEBUG] Initialising suite data store.
25-05-2021 12:29:50.630 [html-report] [DEBUG] Transformed SuiteResult to report structure
25-05-2021 12:29:50.647 [html-report] [INFO] Successfully generated html-report to => C:\Users\testinium\IdeaProjects\myProject\reports\html-report\index.html
25-05-2021 12:29:50.648 [html-report] [DEBUG] Done generating HTML report using theme from C:\Users\testinium\AppData\Roaming\gauge\plugins\html-report\4.0.9\themes\default
25-05-2021 12:29:50.648 [Gauge] [DEBUG] Sending kill message to Html Report plugin.
25-05-2021 12:29:50.648 [Gauge] [DEBUG] Sending kill message to runner.
25-05-2021 12:29:50.828 [Gauge] [INFO] Closing connection [127.0.0.1:52965] cause: read tcp 127.0.0.1:52961->127.0.0.1:52965: wsarecv: Varolan bir bağlantı uzaktaki bir ana bilgisayar tarafından zorla kapatıldı.
25-05-2021 12:29:50.950 [Gauge] [DEBUG] Runner with PID:12120 has exited
25-05-2021 12:29:50.951 [Gauge] [INFO] Specifications:	1 executed	0 passed	1 failed	0 skipped
25-05-2021 12:29:50.951 [Gauge] [INFO] Scenarios:	1 executed	0 passed	1 failed	0 skipped
25-05-2021 12:29:50.951 [Gauge] [INFO] 
Total time taken: 619ms
25-05-2021 12:29:50.953 [Gauge] [INFO] Updates are available. Run `gauge update -c` for more info.
25-05-2021 12:30:12.019 [Gauge] [DEBUG] Created gauge_screenshots_dir at C:\Users\testinium\IdeaProjects\myProject\.gauge\screenshots
25-05-2021 12:30:12.021 [Gauge] [DEBUG] Plugin java is already installed.
25-05-2021 12:30:12.022 [Gauge] [DEBUG] Plugin html-report is already installed.
25-05-2021 12:30:12.022 [Gauge] [DEBUG] Parsing started.
25-05-2021 12:30:12.022 [Gauge] [DEBUG] Started concepts parsing.
25-05-2021 12:30:12.027 [Gauge] [DEBUG] 0 concepts parsing completed.
25-05-2021 12:30:12.027 [Gauge] [DEBUG] Started specifications parsing.
25-05-2021 12:30:12.027 [Gauge] [DEBUG] 1 specifications parsing completed.
25-05-2021 12:30:12.028 [Gauge] [DEBUG] Parsing completed.
25-05-2021 12:30:12.029 [Gauge] [DEBUG] Staring java runner
25-05-2021 12:30:12.050 [java] [DEBUG] classpath set to C:\Program Files\Java\jdk1.8.0_291\jre\lib\charsets.jar;C:\Program Files\Java\jdk1.8.0_291\jre\lib\deploy.jar;C:\Program Files\Java\jdk1.8.0_291\jre\lib\ext\access-bridge-64.jar;C:\Program Files\Java\jdk1.8.0_291\jre\lib\ext\cldrdata.jar;C:\Program Files\Java\jdk1.8.0_291\jre\lib\ext\dnsns.jar;C:\Program Files\Java\jdk1.8.0_291\jre\lib\ext\jaccess.jar;C:\Program Files\Java\jdk1.8.0_291\jre\lib\ext\jfxrt.jar;C:\Program Files\Java\jdk1.8.0_291\jre\lib\ext\localedata.jar;C:\Program Files\Java\jdk1.8.0_291\jre\lib\ext\nashorn.jar;C:\Program Files\Java\jdk1.8.0_291\jre\lib\ext\sunec.jar;C:\Program Files\Java\jdk1.8.0_291\jre\lib\ext\sunjce_provider.jar;C:\Program Files\Java\jdk1.8.0_291\jre\lib\ext\sunmscapi.jar;C:\Program Files\Java\jdk1.8.0_291\jre\lib\ext\sunpkcs11.jar;C:\Program Files\Java\jdk1.8.0_291\jre\lib\ext\zipfs.jar;C:\Program Files\Java\jdk1.8.0_291\jre\lib\javaws.jar;C:\Program Files\Java\jdk1.8.0_291\jre\lib\jce.jar;C:\Program Files\Java\jdk1.8.0_291\jre\lib\jfr.jar;C:\Program Files\Java\jdk1.8.0_291\jre\lib\jfxswt.jar;C:\Program Files\Java\jdk1.8.0_291\jre\lib\jsse.jar;C:\Program Files\Java\jdk1.8.0_291\jre\lib\management-agent.jar;C:\Program Files\Java\jdk1.8.0_291\jre\lib\plugin.jar;C:\Program Files\Java\jdk1.8.0_291\jre\lib\resources.jar;C:\Program Files\Java\jdk1.8.0_291\jre\lib\rt.jar;C:\Users\testinium\IdeaProjects\myProject\target\test-classes;C:\Users\testinium\.m2\repository\com\thoughtworks\gauge\gauge-java\0.6.0\gauge-java-0.6.0.jar;C:\Users\testinium\.m2\repository\org\reflections\reflections\0.9.10\reflections-0.9.10.jar;C:\Users\testinium\.m2\repository\org\javassist\javassist\3.19.0-GA\javassist-3.19.0-GA.jar;C:\Users\testinium\.m2\repository\com\google\code\findbugs\annotations\2.0.1\annotations-2.0.1.jar;C:\Users\testinium\.m2\repository\com\github\javaparser\javaparser-core\2.3.0\javaparser-core-2.3.0.jar;C:\Users\testinium\.m2\repository\org\hamcrest\hamcrest-core\1.3\hamcrest-core-1.3.jar;C:\Users\testinium\.m2\repository\org\hamcrest\hamcrest-library\1.3\hamcrest-library-1.3.jar;C:\Users\testinium\.m2\repository\commons-io\commons-io\2.4\commons-io-2.4.jar;C:\Users\testinium\.m2\repository\commons-lang\commons-lang\2.6\commons-lang-2.6.jar;C:\Users\testinium\.m2\repository\com\google\protobuf\protobuf-java\3.1.0\protobuf-java-3.1.0.jar;C:\Users\testinium\.m2\repository\junit\junit\4.13.2\junit-4.13.2.jar;C:\Users\testinium\.m2\repository\org\seleniumhq\selenium\selenium-java\3.141.59\selenium-java-3.141.59.jar;C:\Users\testinium\.m2\repository\org\seleniumhq\selenium\selenium-api\3.141.59\selenium-api-3.141.59.jar;C:\Users\testinium\.m2\repository\org\seleniumhq\selenium\selenium-chrome-driver\3.141.59\selenium-chrome-driver-3.141.59.jar;C:\Users\testinium\.m2\repository\org\seleniumhq\selenium\selenium-edge-driver\3.141.59\selenium-edge-driver-3.141.59.jar;C:\Users\testinium\.m2\repository\org\seleniumhq\selenium\selenium-firefox-driver\3.141.59\selenium-firefox-driver-3.141.59.jar;C:\Users\testinium\.m2\repository\org\seleniumhq\selenium\selenium-ie-driver\3.141.59\selenium-ie-driver-3.141.59.jar;C:\Users\testinium\.m2\repository\org\seleniumhq\selenium\selenium-opera-driver\3.141.59\selenium-opera-driver-3.141.59.jar;C:\Users\testinium\.m2\repository\org\seleniumhq\selenium\selenium-remote-driver\3.141.59\selenium-remote-driver-3.141.59.jar;C:\Users\testinium\.m2\repository\org\seleniumhq\selenium\selenium-safari-driver\3.141.59\selenium-safari-driver-3.141.59.jar;C:\Users\testinium\.m2\repository\org\seleniumhq\selenium\selenium-support\3.141.59\selenium-support-3.141.59.jar;C:\Users\testinium\.m2\repository\net\bytebuddy\byte-buddy\1.8.15\byte-buddy-1.8.15.jar;C:\Users\testinium\.m2\repository\org\apache\commons\commons-exec\1.3\commons-exec-1.3.jar;C:\Users\testinium\.m2\repository\com\google\guava\guava\25.0-jre\guava-25.0-jre.jar;C:\Users\testinium\.m2\repository\com\google\code\findbugs\jsr305\1.3.9\jsr305-1.3.9.jar;C:\Users\testinium\.m2\repository\org\checkerframework\checker-compat-qual\2.0.0\checker-compat-qual-2.0.0.jar;C:\Users\testinium\.m2\repository\com\google\errorprone\error_prone_annotations\2.1.3\error_prone_annotations-2.1.3.jar;C:\Users\testinium\.m2\repository\com\google\j2objc\j2objc-annotations\1.1\j2objc-annotations-1.1.jar;C:\Users\testinium\.m2\repository\org\codehaus\mojo\animal-sniffer-annotations\1.14\animal-sniffer-annotations-1.14.jar;C:\Users\testinium\.m2\repository\com\squareup\okhttp3\okhttp\3.11.0\okhttp-3.11.0.jar;C:\Users\testinium\.m2\repository\com\squareup\okio\okio\1.14.0\okio-1.14.0.jar
25-05-2021 12:30:12.284 [Gauge] [DEBUG] Established connection to runner.
25-05-2021 12:30:12.284 [Gauge] [DEBUG] Validation started.
25-05-2021 12:30:12.418 [Gauge] [DEBUG] Checking updates...
25-05-2021 12:30:12.421 [Gauge] [DEBUG] Downloading https://downloads.gauge.org/plugin/flash?l=java&p=flash,html-report,java,screenshot,spectacle,xml-report&o=windows&a=amd64
25-05-2021 12:30:12.861 [Gauge] [DEBUG] Downloading https://downloads.gauge.org/plugin/html-report?l=java&p=flash,html-report,java,screenshot,spectacle,xml-report&o=windows&a=amd64
25-05-2021 12:30:13.028 [Gauge] [DEBUG] Downloading https://downloads.gauge.org/plugin/java?l=java&p=flash,html-report,java,screenshot,spectacle,xml-report&o=windows&a=amd64
25-05-2021 12:30:13.275 [Gauge] [DEBUG] Downloading https://downloads.gauge.org/plugin/screenshot?l=java&p=flash,html-report,java,screenshot,spectacle,xml-report&o=windows&a=amd64
25-05-2021 12:30:13.444 [Gauge] [DEBUG] Downloading https://downloads.gauge.org/plugin/spectacle?l=java&p=flash,html-report,java,screenshot,spectacle,xml-report&o=windows&a=amd64
25-05-2021 12:30:13.633 [Gauge] [DEBUG] Downloading https://downloads.gauge.org/plugin/xml-report?l=java&p=flash,html-report,java,screenshot,spectacle,xml-report&o=windows&a=amd64
25-05-2021 12:30:15.453 [Gauge] [DEBUG] Api Request Received: messageType:GetStepValueRequest messageId:4 stepValueRequest:<stepText:"dene" > 
25-05-2021 12:30:15.453 [Gauge] [DEBUG] Sending API response: messageType:GetStepValueResponse messageId:4 stepValueResponse:<stepValue:<stepValue:"dene" parameterizedStepValue:"dene" > > 
25-05-2021 12:30:15.505 [Gauge] [DEBUG] Validation completed.
25-05-2021 12:30:15.506 [Gauge] [DEBUG] Run started
25-05-2021 12:30:15.506 [Gauge] [DEBUG] Starting Html Report plugin
25-05-2021 12:30:15.524 [Gauge] [DEBUG] Attempting to connect to grpc server at port: 52990
25-05-2021 12:30:15.526 [Gauge] [DEBUG] Successfully made the connection with plugin with port: 52990
25-05-2021 12:30:15.526 [Gauge] [DEBUG] Initialising suite data store.
25-05-2021 12:30:22.063 [html-report] [DEBUG] Transformed SuiteResult to report structure
25-05-2021 12:30:22.089 [html-report] [INFO] Successfully generated html-report to => C:\Users\testinium\IdeaProjects\myProject\reports\html-report\index.html
25-05-2021 12:30:22.089 [html-report] [DEBUG] Done generating HTML report using theme from C:\Users\testinium\AppData\Roaming\gauge\plugins\html-report\4.0.9\themes\default
25-05-2021 12:30:22.089 [Gauge] [DEBUG] Sending kill message to Html Report plugin.
25-05-2021 12:30:22.089 [Gauge] [DEBUG] Sending kill message to runner.
25-05-2021 12:30:22.123 [Gauge] [INFO] Closing connection [127.0.0.1:52983] cause: read tcp 127.0.0.1:52979->127.0.0.1:52983: wsarecv: Varolan bir bağlantı uzaktaki bir ana bilgisayar tarafından zorla kapatıldı.
25-05-2021 12:30:22.189 [Gauge] [DEBUG] Runner with PID:1452 has exited
25-05-2021 12:30:22.190 [Gauge] [INFO] Specifications:	1 executed	1 passed	0 failed	0 skipped
25-05-2021 12:30:22.190 [Gauge] [INFO] Scenarios:	1 executed	1 passed	0 failed	0 skipped
25-05-2021 12:30:22.190 [Gauge] [INFO] 
Total time taken: 6.555s
25-05-2021 12:30:22.190 [Gauge] [INFO] Updates are available. Run `gauge update -c` for more info.
25-05-2021 12:30:54.017 [Gauge] [DEBUG] Created gauge_screenshots_dir at C:\Users\testinium\IdeaProjects\myProject\.gauge\screenshots
25-05-2021 12:30:54.019 [Gauge] [DEBUG] Plugin java is already installed.
25-05-2021 12:30:54.020 [Gauge] [DEBUG] Plugin html-report is already installed.
25-05-2021 12:30:54.020 [Gauge] [DEBUG] Parsing started.
25-05-2021 12:30:54.020 [Gauge] [DEBUG] Started concepts parsing.
25-05-2021 12:30:54.025 [Gauge] [DEBUG] 0 concepts parsing completed.
25-05-2021 12:30:54.025 [Gauge] [DEBUG] Started specifications parsing.
25-05-2021 12:30:54.025 [Gauge] [DEBUG] 1 specifications parsing completed.
25-05-2021 12:30:54.025 [Gauge] [DEBUG] Parsing completed.
25-05-2021 12:30:54.026 [Gauge] [DEBUG] Staring java runner
25-05-2021 12:30:54.051 [java] [DEBUG] classpath set to C:\Program Files\Java\jdk1.8.0_291\jre\lib\charsets.jar;C:\Program Files\Java\jdk1.8.0_291\jre\lib\deploy.jar;C:\Program Files\Java\jdk1.8.0_291\jre\lib\ext\access-bridge-64.jar;C:\Program Files\Java\jdk1.8.0_291\jre\lib\ext\cldrdata.jar;C:\Program Files\Java\jdk1.8.0_291\jre\lib\ext\dnsns.jar;C:\Program Files\Java\jdk1.8.0_291\jre\lib\ext\jaccess.jar;C:\Program Files\Java\jdk1.8.0_291\jre\lib\ext\jfxrt.jar;C:\Program Files\Java\jdk1.8.0_291\jre\lib\ext\localedata.jar;C:\Program Files\Java\jdk1.8.0_291\jre\lib\ext\nashorn.jar;C:\Program Files\Java\jdk1.8.0_291\jre\lib\ext\sunec.jar;C:\Program Files\Java\jdk1.8.0_291\jre\lib\ext\sunjce_provider.jar;C:\Program Files\Java\jdk1.8.0_291\jre\lib\ext\sunmscapi.jar;C:\Program Files\Java\jdk1.8.0_291\jre\lib\ext\sunpkcs11.jar;C:\Program Files\Java\jdk1.8.0_291\jre\lib\ext\zipfs.jar;C:\Program Files\Java\jdk1.8.0_291\jre\lib\javaws.jar;C:\Program Files\Java\jdk1.8.0_291\jre\lib\jce.jar;C:\Program Files\Java\jdk1.8.0_291\jre\lib\jfr.jar;C:\Program Files\Java\jdk1.8.0_291\jre\lib\jfxswt.jar;C:\Program Files\Java\jdk1.8.0_291\jre\lib\jsse.jar;C:\Program Files\Java\jdk1.8.0_291\jre\lib\management-agent.jar;C:\Program Files\Java\jdk1.8.0_291\jre\lib\plugin.jar;C:\Program Files\Java\jdk1.8.0_291\jre\lib\resources.jar;C:\Program Files\Java\jdk1.8.0_291\jre\lib\rt.jar;C:\Users\testinium\IdeaProjects\myProject\target\test-classes;C:\Users\testinium\.m2\repository\com\thoughtworks\gauge\gauge-java\0.6.0\gauge-java-0.6.0.jar;C:\Users\testinium\.m2\repository\org\reflections\reflections\0.9.10\reflections-0.9.10.jar;C:\Users\testinium\.m2\repository\org\javassist\javassist\3.19.0-GA\javassist-3.19.0-GA.jar;C:\Users\testinium\.m2\repository\com\google\code\findbugs\annotations\2.0.1\annotations-2.0.1.jar;C:\Users\testinium\.m2\repository\com\github\javaparser\javaparser-core\2.3.0\javaparser-core-2.3.0.jar;C:\Users\testinium\.m2\repository\org\hamcrest\hamcrest-core\1.3\hamcrest-core-1.3.jar;C:\Users\testinium\.m2\repository\org\hamcrest\hamcrest-library\1.3\hamcrest-library-1.3.jar;C:\Users\testinium\.m2\repository\commons-io\commons-io\2.4\commons-io-2.4.jar;C:\Users\testinium\.m2\repository\commons-lang\commons-lang\2.6\commons-lang-2.6.jar;C:\Users\testinium\.m2\repository\com\google\protobuf\protobuf-java\3.1.0\protobuf-java-3.1.0.jar;C:\Users\testinium\.m2\repository\junit\junit\4.13.2\junit-4.13.2.jar;C:\Users\testinium\.m2\repository\org\seleniumhq\selenium\selenium-java\3.141.59\selenium-java-3.141.59.jar;C:\Users\testinium\.m2\repository\org\seleniumhq\selenium\selenium-api\3.141.59\selenium-api-3.141.59.jar;C:\Users\testinium\.m2\repository\org\seleniumhq\selenium\selenium-chrome-driver\3.141.59\selenium-chrome-driver-3.141.59.jar;C:\Users\testinium\.m2\repository\org\seleniumhq\selenium\selenium-edge-driver\3.141.59\selenium-edge-driver-3.141.59.jar;C:\Users\testinium\.m2\repository\org\seleniumhq\selenium\selenium-firefox-driver\3.141.59\selenium-firefox-driver-3.141.59.jar;C:\Users\testinium\.m2\repository\org\seleniumhq\selenium\selenium-ie-driver\3.141.59\selenium-ie-driver-3.141.59.jar;C:\Users\testinium\.m2\repository\org\seleniumhq\selenium\selenium-opera-driver\3.141.59\selenium-opera-driver-3.141.59.jar;C:\Users\testinium\.m2\repository\org\seleniumhq\selenium\selenium-remote-driver\3.141.59\selenium-remote-driver-3.141.59.jar;C:\Users\testinium\.m2\repository\org\seleniumhq\selenium\selenium-safari-driver\3.141.59\selenium-safari-driver-3.141.59.jar;C:\Users\testinium\.m2\repository\org\seleniumhq\selenium\selenium-support\3.141.59\selenium-support-3.141.59.jar;C:\Users\testinium\.m2\repository\net\bytebuddy\byte-buddy\1.8.15\byte-buddy-1.8.15.jar;C:\Users\testinium\.m2\repository\org\apache\commons\commons-exec\1.3\commons-exec-1.3.jar;C:\Users\testinium\.m2\repository\com\google\guava\guava\25.0-jre\guava-25.0-jre.jar;C:\Users\testinium\.m2\repository\com\google\code\findbugs\jsr305\1.3.9\jsr305-1.3.9.jar;C:\Users\testinium\.m2\repository\org\checkerframework\checker-compat-qual\2.0.0\checker-compat-qual-2.0.0.jar;C:\Users\testinium\.m2\repository\com\google\errorprone\error_prone_annotations\2.1.3\error_prone_annotations-2.1.3.jar;C:\Users\testinium\.m2\repository\com\google\j2objc\j2objc-annotations\1.1\j2objc-annotations-1.1.jar;C:\Users\testinium\.m2\repository\org\codehaus\mojo\animal-sniffer-annotations\1.14\animal-sniffer-annotations-1.14.jar;C:\Users\testinium\.m2\repository\com\squareup\okhttp3\okhttp\3.11.0\okhttp-3.11.0.jar;C:\Users\testinium\.m2\repository\com\squareup\okio\okio\1.14.0\okio-1.14.0.jar
25-05-2021 12:30:54.328 [Gauge] [DEBUG] Established connection to runner.
25-05-2021 12:30:54.328 [Gauge] [DEBUG] Validation started.
25-05-2021 12:30:54.506 [Gauge] [DEBUG] Checking updates...
25-05-2021 12:30:54.509 [Gauge] [DEBUG] Downloading https://downloads.gauge.org/plugin/flash?l=java&p=flash,html-report,java,screenshot,spectacle,xml-report&o=windows&a=amd64
25-05-2021 12:30:54.940 [Gauge] [DEBUG] Downloading https://downloads.gauge.org/plugin/html-report?l=java&p=flash,html-report,java,screenshot,spectacle,xml-report&o=windows&a=amd64
25-05-2021 12:30:55.116 [Gauge] [DEBUG] Downloading https://downloads.gauge.org/plugin/java?l=java&p=flash,html-report,java,screenshot,spectacle,xml-report&o=windows&a=amd64
25-05-2021 12:30:55.292 [Gauge] [DEBUG] Downloading https://downloads.gauge.org/plugin/screenshot?l=java&p=flash,html-report,java,screenshot,spectacle,xml-report&o=windows&a=amd64
25-05-2021 12:30:55.455 [Gauge] [DEBUG] Downloading https://downloads.gauge.org/plugin/spectacle?l=java&p=flash,html-report,java,screenshot,spectacle,xml-report&o=windows&a=amd64
25-05-2021 12:30:55.632 [Gauge] [DEBUG] Downloading https://downloads.gauge.org/plugin/xml-report?l=java&p=flash,html-report,java,screenshot,spectacle,xml-report&o=windows&a=amd64
25-05-2021 12:30:57.374 [Gauge] [DEBUG] Api Request Received: messageType:GetStepValueRequest messageId:4 stepValueRequest:<stepText:"dene" > 
25-05-2021 12:30:57.375 [Gauge] [DEBUG] Sending API response: messageType:GetStepValueResponse messageId:4 stepValueResponse:<stepValue:<stepValue:"dene" parameterizedStepValue:"dene" > > 
25-05-2021 12:30:57.423 [Gauge] [DEBUG] Validation completed.
25-05-2021 12:30:57.426 [Gauge] [DEBUG] Run started
25-05-2021 12:30:57.427 [Gauge] [DEBUG] Starting Html Report plugin
25-05-2021 12:30:57.442 [Gauge] [DEBUG] Attempting to connect to grpc server at port: 53043
25-05-2021 12:30:57.443 [Gauge] [DEBUG] Successfully made the connection with plugin with port: 53043
25-05-2021 12:30:57.444 [Gauge] [DEBUG] Initialising suite data store.
25-05-2021 12:31:02.900 [html-report] [DEBUG] Transformed SuiteResult to report structure
25-05-2021 12:31:02.962 [html-report] [INFO] Successfully generated html-report to => C:\Users\testinium\IdeaProjects\myProject\reports\html-report\index.html
25-05-2021 12:31:02.962 [html-report] [DEBUG] Done generating HTML report using theme from C:\Users\testinium\AppData\Roaming\gauge\plugins\html-report\4.0.9\themes\default
25-05-2021 12:31:02.962 [Gauge] [DEBUG] Sending kill message to Html Report plugin.
25-05-2021 12:31:02.964 [Gauge] [DEBUG] Sending kill message to runner.
25-05-2021 12:31:02.981 [Gauge] [INFO] Closing connection [127.0.0.1:53036] cause: read tcp 127.0.0.1:53032->127.0.0.1:53036: wsarecv: Varolan bir bağlantı uzaktaki bir ana bilgisayar tarafından zorla kapatıldı.
25-05-2021 12:31:03.065 [Gauge] [DEBUG] Runner with PID:12164 has exited
25-05-2021 12:31:03.065 [Gauge] [INFO] Specifications:	1 executed	1 passed	0 failed	0 skipped
25-05-2021 12:31:03.065 [Gauge] [INFO] Scenarios:	1 executed	1 passed	0 failed	0 skipped
25-05-2021 12:31:03.065 [Gauge] [INFO] 
Total time taken: 5.471s
25-05-2021 12:31:03.066 [Gauge] [INFO] Updates are available. Run `gauge update -c` for more info.
25-05-2021 12:37:59.587 [Gauge] [DEBUG] Created gauge_screenshots_dir at C:\Users\testinium\IdeaProjects\myProject\.gauge\screenshots
25-05-2021 12:37:59.589 [Gauge] [DEBUG] Plugin java is already installed.
25-05-2021 12:37:59.589 [Gauge] [DEBUG] Plugin html-report is already installed.
25-05-2021 12:37:59.590 [Gauge] [DEBUG] Parsing started.
25-05-2021 12:37:59.590 [Gauge] [DEBUG] Started concepts parsing.
25-05-2021 12:37:59.595 [Gauge] [DEBUG] 0 concepts parsing completed.
25-05-2021 12:37:59.595 [Gauge] [DEBUG] Started specifications parsing.
25-05-2021 12:37:59.596 [Gauge] [DEBUG] 1 specifications parsing completed.
25-05-2021 12:37:59.596 [Gauge] [DEBUG] Parsing completed.
25-05-2021 12:37:59.597 [Gauge] [DEBUG] Staring java runner
25-05-2021 12:37:59.619 [java] [DEBUG] classpath set to C:\Program Files\Java\jdk1.8.0_291\jre\lib\charsets.jar;C:\Program Files\Java\jdk1.8.0_291\jre\lib\deploy.jar;C:\Program Files\Java\jdk1.8.0_291\jre\lib\ext\access-bridge-64.jar;C:\Program Files\Java\jdk1.8.0_291\jre\lib\ext\cldrdata.jar;C:\Program Files\Java\jdk1.8.0_291\jre\lib\ext\dnsns.jar;C:\Program Files\Java\jdk1.8.0_291\jre\lib\ext\jaccess.jar;C:\Program Files\Java\jdk1.8.0_291\jre\lib\ext\jfxrt.jar;C:\Program Files\Java\jdk1.8.0_291\jre\lib\ext\localedata.jar;C:\Program Files\Java\jdk1.8.0_291\jre\lib\ext\nashorn.jar;C:\Program Files\Java\jdk1.8.0_291\jre\lib\ext\sunec.jar;C:\Program Files\Java\jdk1.8.0_291\jre\lib\ext\sunjce_provider.jar;C:\Program Files\Java\jdk1.8.0_291\jre\lib\ext\sunmscapi.jar;C:\Program Files\Java\jdk1.8.0_291\jre\lib\ext\sunpkcs11.jar;C:\Program Files\Java\jdk1.8.0_291\jre\lib\ext\zipfs.jar;C:\Program Files\Java\jdk1.8.0_291\jre\lib\javaws.jar;C:\Program Files\Java\jdk1.8.0_291\jre\lib\jce.jar;C:\Program Files\Java\jdk1.8.0_291\jre\lib\jfr.jar;C:\Program Files\Java\jdk1.8.0_291\jre\lib\jfxswt.jar;C:\Program Files\Java\jdk1.8.0_291\jre\lib\jsse.jar;C:\Program Files\Java\jdk1.8.0_291\jre\lib\management-agent.jar;C:\Program Files\Java\jdk1.8.0_291\jre\lib\plugin.jar;C:\Program Files\Java\jdk1.8.0_291\jre\lib\resources.jar;C:\Program Files\Java\jdk1.8.0_291\jre\lib\rt.jar;C:\Users\testinium\IdeaProjects\myProject\target\test-classes;C:\Users\testinium\.m2\repository\com\thoughtworks\gauge\gauge-java\0.6.0\gauge-java-0.6.0.jar;C:\Users\testinium\.m2\repository\org\reflections\reflections\0.9.10\reflections-0.9.10.jar;C:\Users\testinium\.m2\repository\org\javassist\javassist\3.19.0-GA\javassist-3.19.0-GA.jar;C:\Users\testinium\.m2\repository\com\google\code\findbugs\annotations\2.0.1\annotations-2.0.1.jar;C:\Users\testinium\.m2\repository\com\github\javaparser\javaparser-core\2.3.0\javaparser-core-2.3.0.jar;C:\Users\testinium\.m2\repository\org\hamcrest\hamcrest-core\1.3\hamcrest-core-1.3.jar;C:\Users\testinium\.m2\repository\org\hamcrest\hamcrest-library\1.3\hamcrest-library-1.3.jar;C:\Users\testinium\.m2\repository\commons-io\commons-io\2.4\commons-io-2.4.jar;C:\Users\testinium\.m2\repository\commons-lang\commons-lang\2.6\commons-lang-2.6.jar;C:\Users\testinium\.m2\repository\com\google\protobuf\protobuf-java\3.1.0\protobuf-java-3.1.0.jar;C:\Users\testinium\.m2\repository\junit\junit\4.13.2\junit-4.13.2.jar;C:\Users\testinium\.m2\repository\org\seleniumhq\selenium\selenium-java\3.141.59\selenium-java-3.141.59.jar;C:\Users\testinium\.m2\repository\org\seleniumhq\selenium\selenium-api\3.141.59\selenium-api-3.141.59.jar;C:\Users\testinium\.m2\repository\org\seleniumhq\selenium\selenium-chrome-driver\3.141.59\selenium-chrome-driver-3.141.59.jar;C:\Users\testinium\.m2\repository\org\seleniumhq\selenium\selenium-edge-driver\3.141.59\selenium-edge-driver-3.141.59.jar;C:\Users\testinium\.m2\repository\org\seleniumhq\selenium\selenium-firefox-driver\3.141.59\selenium-firefox-driver-3.141.59.jar;C:\Users\testinium\.m2\repository\org\seleniumhq\selenium\selenium-ie-driver\3.141.59\selenium-ie-driver-3.141.59.jar;C:\Users\testinium\.m2\repository\org\seleniumhq\selenium\selenium-opera-driver\3.141.59\selenium-opera-driver-3.141.59.jar;C:\Users\testinium\.m2\repository\org\seleniumhq\selenium\selenium-remote-driver\3.141.59\selenium-remote-driver-3.141.59.jar;C:\Users\testinium\.m2\repository\org\seleniumhq\selenium\selenium-safari-driver\3.141.59\selenium-safari-driver-3.141.59.jar;C:\Users\testinium\.m2\repository\org\seleniumhq\selenium\selenium-support\3.141.59\selenium-support-3.141.59.jar;C:\Users\testinium\.m2\repository\net\bytebuddy\byte-buddy\1.8.15\byte-buddy-1.8.15.jar;C:\Users\testinium\.m2\repository\org\apache\commons\commons-exec\1.3\commons-exec-1.3.jar;C:\Users\testinium\.m2\repository\com\google\guava\guava\25.0-jre\guava-25.0-jre.jar;C:\Users\testinium\.m2\repository\com\google\code\findbugs\jsr305\1.3.9\jsr305-1.3.9.jar;C:\Users\testinium\.m2\repository\org\checkerframework\checker-compat-qual\2.0.0\checker-compat-qual-2.0.0.jar;C:\Users\testinium\.m2\repository\com\google\errorprone\error_prone_annotations\2.1.3\error_prone_annotations-2.1.3.jar;C:\Users\testinium\.m2\repository\com\google\j2objc\j2objc-annotations\1.1\j2objc-annotations-1.1.jar;C:\Users\testinium\.m2\repository\org\codehaus\mojo\animal-sniffer-annotations\1.14\animal-sniffer-annotations-1.14.jar;C:\Users\testinium\.m2\repository\com\squareup\okhttp3\okhttp\3.11.0\okhttp-3.11.0.jar;C:\Users\testinium\.m2\repository\com\squareup\okio\okio\1.14.0\okio-1.14.0.jar;C:\Users\testinium\.m2\repository\org\apache\logging\log4j\log4j-core\2.14.0\log4j-core-2.14.0.jar;C:\Users\testinium\.m2\repository\org\apache\logging\log4j\log4j-api\2.14.0\log4j-api-2.14.0.jar
25-05-2021 12:37:59.855 [Gauge] [DEBUG] Established connection to runner.
25-05-2021 12:37:59.855 [Gauge] [DEBUG] Validation started.
25-05-2021 12:38:00.335 [Gauge] [DEBUG] Checking updates...
25-05-2021 12:38:00.336 [Gauge] [DEBUG] Downloading https://downloads.gauge.org/plugin/flash?l=java&p=flash,html-report,java,screenshot,spectacle,xml-report&o=windows&a=amd64
25-05-2021 12:38:01.017 [Gauge] [DEBUG] Downloading https://downloads.gauge.org/plugin/html-report?l=java&p=flash,html-report,java,screenshot,spectacle,xml-report&o=windows&a=amd64
25-05-2021 12:38:01.196 [Gauge] [DEBUG] Downloading https://downloads.gauge.org/plugin/java?l=java&p=flash,html-report,java,screenshot,spectacle,xml-report&o=windows&a=amd64
25-05-2021 12:38:01.388 [Gauge] [DEBUG] Downloading https://downloads.gauge.org/plugin/screenshot?l=java&p=flash,html-report,java,screenshot,spectacle,xml-report&o=windows&a=amd64
25-05-2021 12:38:01.645 [Gauge] [DEBUG] Downloading https://downloads.gauge.org/plugin/spectacle?l=java&p=flash,html-report,java,screenshot,spectacle,xml-report&o=windows&a=amd64
25-05-2021 12:38:01.828 [Gauge] [DEBUG] Downloading https://downloads.gauge.org/plugin/xml-report?l=java&p=flash,html-report,java,screenshot,spectacle,xml-report&o=windows&a=amd64
25-05-2021 12:38:02.919 [Gauge] [DEBUG] Api Request Received: messageType:GetStepValueRequest messageId:4 stepValueRequest:<stepText:"dene" > 
25-05-2021 12:38:02.919 [Gauge] [DEBUG] Sending API response: messageType:GetStepValueResponse messageId:4 stepValueResponse:<stepValue:<stepValue:"dene" parameterizedStepValue:"dene" > > 
25-05-2021 12:38:02.970 [Gauge] [DEBUG] Validation completed.
25-05-2021 12:38:02.973 [Gauge] [DEBUG] Run started
25-05-2021 12:38:02.974 [Gauge] [DEBUG] Starting Html Report plugin
25-05-2021 12:38:02.990 [Gauge] [DEBUG] Attempting to connect to grpc server at port: 53219
25-05-2021 12:38:02.992 [Gauge] [DEBUG] Successfully made the connection with plugin with port: 53219
25-05-2021 12:38:02.992 [Gauge] [DEBUG] Initialising suite data store.
25-05-2021 12:38:10.938 [html-report] [DEBUG] Transformed SuiteResult to report structure
25-05-2021 12:38:10.987 [html-report] [INFO] Successfully generated html-report to => C:\Users\testinium\IdeaProjects\myProject\reports\html-report\index.html
25-05-2021 12:38:10.987 [html-report] [DEBUG] Done generating HTML report using theme from C:\Users\testinium\AppData\Roaming\gauge\plugins\html-report\4.0.9\themes\default
25-05-2021 12:38:10.987 [Gauge] [DEBUG] Sending kill message to Html Report plugin.
25-05-2021 12:38:10.987 [Gauge] [DEBUG] Sending kill message to runner.
25-05-2021 12:38:10.996 [Gauge] [INFO] Closing connection [127.0.0.1:53211] cause: read tcp 127.0.0.1:53208->127.0.0.1:53211: wsarecv: Varolan bir bağlantı uzaktaki bir ana bilgisayar tarafından zorla kapatıldı.
25-05-2021 12:38:11.089 [Gauge] [DEBUG] Runner with PID:2672 has exited
25-05-2021 12:38:11.089 [Gauge] [INFO] Specifications:	1 executed	1 passed	0 failed	0 skipped
25-05-2021 12:38:11.089 [Gauge] [INFO] Scenarios:	1 executed	1 passed	0 failed	0 skipped
25-05-2021 12:38:11.089 [Gauge] [INFO] 
Total time taken: 7.958s
25-05-2021 12:38:11.090 [Gauge] [INFO] Updates are available. Run `gauge update -c` for more info.
25-05-2021 12:42:54.278 [Gauge] [DEBUG] Created gauge_screenshots_dir at C:\Users\testinium\IdeaProjects\myProject\.gauge\screenshots
25-05-2021 12:42:54.279 [Gauge] [DEBUG] Plugin java is already installed.
25-05-2021 12:42:54.280 [Gauge] [DEBUG] Plugin html-report is already installed.
25-05-2021 12:42:54.281 [Gauge] [DEBUG] Parsing started.
25-05-2021 12:42:54.281 [Gauge] [DEBUG] Started concepts parsing.
25-05-2021 12:42:54.286 [Gauge] [DEBUG] 0 concepts parsing completed.
25-05-2021 12:42:54.286 [Gauge] [DEBUG] Started specifications parsing.
25-05-2021 12:42:54.287 [Gauge] [DEBUG] 1 specifications parsing completed.
25-05-2021 12:42:54.287 [Gauge] [DEBUG] Parsing completed.
25-05-2021 12:42:54.288 [Gauge] [DEBUG] Staring java runner
25-05-2021 12:42:54.312 [java] [DEBUG] classpath set to C:\Program Files\Java\jdk1.8.0_291\jre\lib\charsets.jar;C:\Program Files\Java\jdk1.8.0_291\jre\lib\deploy.jar;C:\Program Files\Java\jdk1.8.0_291\jre\lib\ext\access-bridge-64.jar;C:\Program Files\Java\jdk1.8.0_291\jre\lib\ext\cldrdata.jar;C:\Program Files\Java\jdk1.8.0_291\jre\lib\ext\dnsns.jar;C:\Program Files\Java\jdk1.8.0_291\jre\lib\ext\jaccess.jar;C:\Program Files\Java\jdk1.8.0_291\jre\lib\ext\jfxrt.jar;C:\Program Files\Java\jdk1.8.0_291\jre\lib\ext\localedata.jar;C:\Program Files\Java\jdk1.8.0_291\jre\lib\ext\nashorn.jar;C:\Program Files\Java\jdk1.8.0_291\jre\lib\ext\sunec.jar;C:\Program Files\Java\jdk1.8.0_291\jre\lib\ext\sunjce_provider.jar;C:\Program Files\Java\jdk1.8.0_291\jre\lib\ext\sunmscapi.jar;C:\Program Files\Java\jdk1.8.0_291\jre\lib\ext\sunpkcs11.jar;C:\Program Files\Java\jdk1.8.0_291\jre\lib\ext\zipfs.jar;C:\Program Files\Java\jdk1.8.0_291\jre\lib\javaws.jar;C:\Program Files\Java\jdk1.8.0_291\jre\lib\jce.jar;C:\Program Files\Java\jdk1.8.0_291\jre\lib\jfr.jar;C:\Program Files\Java\jdk1.8.0_291\jre\lib\jfxswt.jar;C:\Program Files\Java\jdk1.8.0_291\jre\lib\jsse.jar;C:\Program Files\Java\jdk1.8.0_291\jre\lib\management-agent.jar;C:\Program Files\Java\jdk1.8.0_291\jre\lib\plugin.jar;C:\Program Files\Java\jdk1.8.0_291\jre\lib\resources.jar;C:\Program Files\Java\jdk1.8.0_291\jre\lib\rt.jar;C:\Users\testinium\IdeaProjects\myProject\target\test-classes;C:\Users\testinium\.m2\repository\com\thoughtworks\gauge\gauge-java\0.6.0\gauge-java-0.6.0.jar;C:\Users\testinium\.m2\repository\org\reflections\reflections\0.9.10\reflections-0.9.10.jar;C:\Users\testinium\.m2\repository\org\javassist\javassist\3.19.0-GA\javassist-3.19.0-GA.jar;C:\Users\testinium\.m2\repository\com\google\code\findbugs\annotations\2.0.1\annotations-2.0.1.jar;C:\Users\testinium\.m2\repository\com\github\javaparser\javaparser-core\2.3.0\javaparser-core-2.3.0.jar;C:\Users\testinium\.m2\repository\org\hamcrest\hamcrest-core\1.3\hamcrest-core-1.3.jar;C:\Users\testinium\.m2\repository\org\hamcrest\hamcrest-library\1.3\hamcrest-library-1.3.jar;C:\Users\testinium\.m2\repository\commons-io\commons-io\2.4\commons-io-2.4.jar;C:\Users\testinium\.m2\repository\commons-lang\commons-lang\2.6\commons-lang-2.6.jar;C:\Users\testinium\.m2\repository\com\google\protobuf\protobuf-java\3.1.0\protobuf-java-3.1.0.jar;C:\Users\testinium\.m2\repository\junit\junit\4.13.2\junit-4.13.2.jar;C:\Users\testinium\.m2\repository\org\seleniumhq\selenium\selenium-java\3.141.59\selenium-java-3.141.59.jar;C:\Users\testinium\.m2\repository\org\seleniumhq\selenium\selenium-api\3.141.59\selenium-api-3.141.59.jar;C:\Users\testinium\.m2\repository\org\seleniumhq\selenium\selenium-chrome-driver\3.141.59\selenium-chrome-driver-3.141.59.jar;C:\Users\testinium\.m2\repository\org\seleniumhq\selenium\selenium-edge-driver\3.141.59\selenium-edge-driver-3.141.59.jar;C:\Users\testinium\.m2\repository\org\seleniumhq\selenium\selenium-firefox-driver\3.141.59\selenium-firefox-driver-3.141.59.jar;C:\Users\testinium\.m2\repository\org\seleniumhq\selenium\selenium-ie-driver\3.141.59\selenium-ie-driver-3.141.59.jar;C:\Users\testinium\.m2\repository\org\seleniumhq\selenium\selenium-opera-driver\3.141.59\selenium-opera-driver-3.141.59.jar;C:\Users\testinium\.m2\repository\org\seleniumhq\selenium\selenium-remote-driver\3.141.59\selenium-remote-driver-3.141.59.jar;C:\Users\testinium\.m2\repository\org\seleniumhq\selenium\selenium-safari-driver\3.141.59\selenium-safari-driver-3.141.59.jar;C:\Users\testinium\.m2\repository\org\seleniumhq\selenium\selenium-support\3.141.59\selenium-support-3.141.59.jar;C:\Users\testinium\.m2\repository\net\bytebuddy\byte-buddy\1.8.15\byte-buddy-1.8.15.jar;C:\Users\testinium\.m2\repository\org\apache\commons\commons-exec\1.3\commons-exec-1.3.jar;C:\Users\testinium\.m2\repository\com\google\guava\guava\25.0-jre\guava-25.0-jre.jar;C:\Users\testinium\.m2\repository\com\google\code\findbugs\jsr305\1.3.9\jsr305-1.3.9.jar;C:\Users\testinium\.m2\repository\org\checkerframework\checker-compat-qual\2.0.0\checker-compat-qual-2.0.0.jar;C:\Users\testinium\.m2\repository\com\google\errorprone\error_prone_annotations\2.1.3\error_prone_annotations-2.1.3.jar;C:\Users\testinium\.m2\repository\com\google\j2objc\j2objc-annotations\1.1\j2objc-annotations-1.1.jar;C:\Users\testinium\.m2\repository\org\codehaus\mojo\animal-sniffer-annotations\1.14\animal-sniffer-annotations-1.14.jar;C:\Users\testinium\.m2\repository\com\squareup\okhttp3\okhttp\3.11.0\okhttp-3.11.0.jar;C:\Users\testinium\.m2\repository\com\squareup\okio\okio\1.14.0\okio-1.14.0.jar;C:\Users\testinium\.m2\repository\org\apache\logging\log4j\log4j-core\2.14.0\log4j-core-2.14.0.jar;C:\Users\testinium\.m2\repository\org\apache\logging\log4j\log4j-api\2.14.0\log4j-api-2.14.0.jar
25-05-2021 12:42:54.571 [Gauge] [DEBUG] Established connection to runner.
25-05-2021 12:42:54.571 [Gauge] [DEBUG] Validation started.
25-05-2021 12:42:54.729 [Gauge] [DEBUG] Checking updates...
25-05-2021 12:42:54.732 [Gauge] [DEBUG] Downloading https://downloads.gauge.org/plugin/flash?l=java&p=flash,html-report,java,screenshot,spectacle,xml-report&o=windows&a=amd64
25-05-2021 12:42:55.173 [Gauge] [DEBUG] Downloading https://downloads.gauge.org/plugin/html-report?l=java&p=flash,html-report,java,screenshot,spectacle,xml-report&o=windows&a=amd64
25-05-2021 12:42:55.339 [Gauge] [DEBUG] Downloading https://downloads.gauge.org/plugin/java?l=java&p=flash,html-report,java,screenshot,spectacle,xml-report&o=windows&a=amd64
25-05-2021 12:42:55.497 [Gauge] [DEBUG] Downloading https://downloads.gauge.org/plugin/screenshot?l=java&p=flash,html-report,java,screenshot,spectacle,xml-report&o=windows&a=amd64
25-05-2021 12:42:55.650 [Gauge] [DEBUG] Downloading https://downloads.gauge.org/plugin/spectacle?l=java&p=flash,html-report,java,screenshot,spectacle,xml-report&o=windows&a=amd64
25-05-2021 12:42:55.821 [Gauge] [DEBUG] Downloading https://downloads.gauge.org/plugin/xml-report?l=java&p=flash,html-report,java,screenshot,spectacle,xml-report&o=windows&a=amd64
25-05-2021 12:42:57.652 [Gauge] [DEBUG] Api Request Received: messageType:GetStepValueRequest messageId:4 stepValueRequest:<stepText:"dene" > 
25-05-2021 12:42:57.652 [Gauge] [DEBUG] Sending API response: messageType:GetStepValueResponse messageId:4 stepValueResponse:<stepValue:<stepValue:"dene" parameterizedStepValue:"dene" > > 
25-05-2021 12:42:57.709 [Gauge] [DEBUG] Validation completed.
25-05-2021 12:42:57.710 [Gauge] [DEBUG] Run started
25-05-2021 12:42:57.711 [Gauge] [DEBUG] Starting Html Report plugin
25-05-2021 12:42:57.729 [Gauge] [DEBUG] Attempting to connect to grpc server at port: 53316
25-05-2021 12:42:57.730 [Gauge] [DEBUG] Successfully made the connection with plugin with port: 53316
25-05-2021 12:42:57.730 [Gauge] [DEBUG] Initialising suite data store.
25-05-2021 12:43:03.923 [html-report] [DEBUG] Transformed SuiteResult to report structure
25-05-2021 12:43:03.953 [html-report] [INFO] Successfully generated html-report to => C:\Users\testinium\IdeaProjects\myProject\reports\html-report\index.html
25-05-2021 12:43:03.953 [html-report] [DEBUG] Done generating HTML report using theme from C:\Users\testinium\AppData\Roaming\gauge\plugins\html-report\4.0.9\themes\default
25-05-2021 12:43:03.953 [Gauge] [DEBUG] Sending kill message to Html Report plugin.
25-05-2021 12:43:03.954 [Gauge] [DEBUG] Sending kill message to runner.
25-05-2021 12:43:03.967 [Gauge] [INFO] Closing connection [127.0.0.1:53310] cause: read tcp 127.0.0.1:53306->127.0.0.1:53310: wsarecv: Varolan bir bağlantı uzaktaki bir ana bilgisayar tarafından zorla kapatıldı.
25-05-2021 12:43:04.056 [Gauge] [DEBUG] Runner with PID:7492 has exited
25-05-2021 12:43:04.056 [Gauge] [INFO] Specifications:	1 executed	1 passed	0 failed	0 skipped
25-05-2021 12:43:04.056 [Gauge] [INFO] Scenarios:	1 executed	1 passed	0 failed	0 skipped
25-05-2021 12:43:04.056 [Gauge] [INFO] 
Total time taken: 6.21s
25-05-2021 12:43:04.063 [Gauge] [INFO] Updates are available. Run `gauge update -c` for more info.
